#-----------------------------------------------------------
# Vivado v2019.2 (64-bit)
# SW Build 2708876 on Wed Nov  6 21:40:23 MST 2019
# IP Build 2700528 on Thu Nov  7 00:09:20 MST 2019
# Start of session at: Fri Apr  2 15:59:35 2021
# Process ID: 21492
# Current directory: d:/Y4/hardsoft/Lab/axi_gpio_0_ex
# Command line: vivado.exe -notrace -source d:/Y4/hardsoft/Lab/project_1_interrupt/.Xil/axi_gpio_0/tmp_axi_gpio_0.srcs/sources_1/ip/axi_gpio_0/axi_gpio_0_ex.tcl
# Log file: d:/Y4/hardsoft/Lab/axi_gpio_0_ex/vivado.log
# Journal file: d:/Y4/hardsoft/Lab/axi_gpio_0_ex\vivado.jou
#-----------------------------------------------------------
Sourcing tcl script 'C:/Users/hodac/AppData/Roaming/Xilinx/Vivado/Vivado_init.tcl'
start_gui
source d:/Y4/hardsoft/Lab/project_1_interrupt/.Xil/axi_gpio_0/tmp_axi_gpio_0.srcs/sources_1/ip/axi_gpio_0/axi_gpio_0_ex.tcl -notrace
INFO: [open_example_project] Creating new example project...
INFO: [IP_Flow 19-234] Refreshing IP repositories
INFO: [IP_Flow 19-1704] No user IP repositories specified
INFO: [IP_Flow 19-2313] Loaded Vivado IP repository 'E:/Xilinx/Vivado/2019.2/data/ip'.
create_project: Time (s): cpu = 00:00:17 ; elapsed = 00:00:08 . Memory (MB): peak = 849.602 ; gain = 208.621
INFO: [open_example_project] Setting board_part_repo_paths...
INFO: [open_example_project] Loading IP Catalog...
INFO: [IP_Flow 19-234] Refreshing IP repositories
INFO: [IP_Flow 19-1700] Loaded user IP repository 'd:/Y4/hardsoft/Lab/ip_repo/myGpio2_1.0'.
INFO: [open_example_project] Importing original IP ...
INFO: [open_example_project] Generating the example project IP ...
INFO: [open_example_project] Adding example synthesis HDL files ...
INFO: [open_example_project] Adding example synthesis miscellaneous files ...
INFO: [open_example_project] Adding example XDC files ...
INFO: [open_example_project] Adding simulation HDL files ...
INFO: [open_example_project] Sourcing example extension scripts ...
INFO: [IP_Flow 19-3484] Absolute path of file 'd:/Y4/hardsoft/Lab/axi_gpio_0_ex/imports/atg_data.coe' provided. It will be converted relative to IP Instance files '../../../../imports/atg_data.coe'
INFO: [IP_Flow 19-3484] Absolute path of file 'd:/Y4/hardsoft/Lab/axi_gpio_0_ex/imports/atg_addr.coe' provided. It will be converted relative to IP Instance files '../../../../imports/atg_addr.coe'
INFO: [IP_Flow 19-3484] Absolute path of file 'd:/Y4/hardsoft/Lab/axi_gpio_0_ex/imports/atg_mask.coe' provided. It will be converted relative to IP Instance files '../../../../imports/atg_mask.coe'
INFO: [IP_Flow 19-3484] Absolute path of file 'd:/Y4/hardsoft/Lab/axi_gpio_0_ex/imports/atg_ctrl.coe' provided. It will be converted relative to IP Instance files '../../../../imports/atg_ctrl.coe'
INFO: [IP_Flow 19-1686] Generating 'Instantiation Template' target for IP 'axi_traffic_gen_0'...
INFO: [IP_Flow 19-1686] Generating 'Synthesis' target for IP 'axi_traffic_gen_0'...
INFO: [IP_Flow 19-1686] Generating 'Simulation' target for IP 'axi_traffic_gen_0'...
INFO: [IP_Flow 19-1686] Generating 'Change Log' target for IP 'axi_traffic_gen_0'...
INFO: [IP_Flow 19-1686] Generating 'Instantiation Template' target for IP 'clk_wiz_0'...
INFO: [IP_Flow 19-1686] Generating 'Synthesis' target for IP 'clk_wiz_0'...
INFO: [IP_Flow 19-1686] Generating 'Simulation' target for IP 'clk_wiz_0'...
INFO: [IP_Flow 19-1686] Generating 'Implementation' target for IP 'clk_wiz_0'...
INFO: [IP_Flow 19-1686] Generating 'Change Log' target for IP 'clk_wiz_0'...
INFO: [open_example_project] Rebuilding all the top level IPs ...
INFO: [IP_Flow 19-1686] Generating 'Change Log' target for IP 'axi_gpio_0'...
INFO: [exportsim-Tcl-35] Exporting simulation files for "XSIM" (Xilinx Vivado Simulator)...
INFO: [exportsim-Tcl-29] Script generated: 'D:/Y4/hardsoft/Lab/axi_gpio_0_ex/axi_gpio_0_ex.ip_user_files/sim_scripts/axi_gpio_0/xsim/axi_gpio_0.sh'
INFO: [exportsim-Tcl-35] Exporting simulation files for "MODELSIM" (Mentor Graphics ModelSim Simulator)...
INFO: [exportsim-Tcl-29] Script generated: 'D:/Y4/hardsoft/Lab/axi_gpio_0_ex/axi_gpio_0_ex.ip_user_files/sim_scripts/axi_gpio_0/modelsim/axi_gpio_0.sh'
INFO: [exportsim-Tcl-35] Exporting simulation files for "QUESTA" (Mentor Graphics Questa Advanced Simulator)...
INFO: [exportsim-Tcl-29] Script generated: 'D:/Y4/hardsoft/Lab/axi_gpio_0_ex/axi_gpio_0_ex.ip_user_files/sim_scripts/axi_gpio_0/questa/axi_gpio_0.sh'
INFO: [exportsim-Tcl-35] Exporting simulation files for "IES" (Cadence Incisive Enterprise Simulator)...
INFO: [exportsim-Tcl-29] Script generated: 'D:/Y4/hardsoft/Lab/axi_gpio_0_ex/axi_gpio_0_ex.ip_user_files/sim_scripts/axi_gpio_0/ies/axi_gpio_0.sh'
INFO: [exportsim-Tcl-35] Exporting simulation files for "VCS" (Synopsys Verilog Compiler Simulator)...
INFO: [exportsim-Tcl-29] Script generated: 'D:/Y4/hardsoft/Lab/axi_gpio_0_ex/axi_gpio_0_ex.ip_user_files/sim_scripts/axi_gpio_0/vcs/axi_gpio_0.sh'
INFO: [exportsim-Tcl-35] Exporting simulation files for "RIVIERA" (Aldec Riviera-PRO Simulator)...
INFO: [exportsim-Tcl-29] Script generated: 'D:/Y4/hardsoft/Lab/axi_gpio_0_ex/axi_gpio_0_ex.ip_user_files/sim_scripts/axi_gpio_0/riviera/axi_gpio_0.sh'
INFO: [exportsim-Tcl-35] Exporting simulation files for "ACTIVEHDL" (Aldec Active-HDL Simulator)...
INFO: [exportsim-Tcl-29] Script generated: 'D:/Y4/hardsoft/Lab/axi_gpio_0_ex/axi_gpio_0_ex.ip_user_files/sim_scripts/axi_gpio_0/activehdl/axi_gpio_0.sh'
INFO: [exportsim-Tcl-35] Exporting simulation files for "XCELIUM" (Cadence Xcelium Parallel Simulator)...
INFO: [exportsim-Tcl-29] Script generated: 'D:/Y4/hardsoft/Lab/axi_gpio_0_ex/axi_gpio_0_ex.ip_user_files/sim_scripts/axi_gpio_0/xcelium/axi_gpio_0.sh'
INFO: [exportsim-Tcl-35] Exporting simulation files for "XSIM" (Xilinx Vivado Simulator)...
INFO: [exportsim-Tcl-29] Script generated: 'D:/Y4/hardsoft/Lab/axi_gpio_0_ex/axi_gpio_0_ex.ip_user_files/sim_scripts/axi_traffic_gen_0/xsim/axi_traffic_gen_0.sh'
INFO: [SIM-utils-43] Exported 'D:/Y4/hardsoft/Lab/axi_gpio_0_ex/axi_gpio_0_ex.ip_user_files/sim_scripts/axi_traffic_gen_0/xsim/atg_data.coe'
INFO: [SIM-utils-43] Exported 'D:/Y4/hardsoft/Lab/axi_gpio_0_ex/axi_gpio_0_ex.ip_user_files/sim_scripts/axi_traffic_gen_0/xsim/atg_addr.coe'
INFO: [SIM-utils-43] Exported 'D:/Y4/hardsoft/Lab/axi_gpio_0_ex/axi_gpio_0_ex.ip_user_files/sim_scripts/axi_traffic_gen_0/xsim/atg_mask.coe'
INFO: [SIM-utils-43] Exported 'D:/Y4/hardsoft/Lab/axi_gpio_0_ex/axi_gpio_0_ex.ip_user_files/sim_scripts/axi_traffic_gen_0/xsim/atg_ctrl.coe'
INFO: [SIM-utils-43] Exported 'D:/Y4/hardsoft/Lab/axi_gpio_0_ex/axi_gpio_0_ex.ip_user_files/sim_scripts/axi_traffic_gen_0/xsim/default_prm.coe'
INFO: [SIM-utils-43] Exported 'D:/Y4/hardsoft/Lab/axi_gpio_0_ex/axi_gpio_0_ex.ip_user_files/sim_scripts/axi_traffic_gen_0/xsim/axi_traffic_gen_0_default_prmram.mem'
INFO: [SIM-utils-43] Exported 'D:/Y4/hardsoft/Lab/axi_gpio_0_ex/axi_gpio_0_ex.ip_user_files/sim_scripts/axi_traffic_gen_0/xsim/default_adr.coe'
INFO: [SIM-utils-43] Exported 'D:/Y4/hardsoft/Lab/axi_gpio_0_ex/axi_gpio_0_ex.ip_user_files/sim_scripts/axi_traffic_gen_0/xsim/axi_traffic_gen_0_default_addrram.mem'
INFO: [SIM-utils-43] Exported 'D:/Y4/hardsoft/Lab/axi_gpio_0_ex/axi_gpio_0_ex.ip_user_files/sim_scripts/axi_traffic_gen_0/xsim/default_mst.coe'
INFO: [SIM-utils-43] Exported 'D:/Y4/hardsoft/Lab/axi_gpio_0_ex/axi_gpio_0_ex.ip_user_files/sim_scripts/axi_traffic_gen_0/xsim/axi_traffic_gen_0_default_mstram.mem'
INFO: [SIM-utils-43] Exported 'D:/Y4/hardsoft/Lab/axi_gpio_0_ex/axi_gpio_0_ex.ip_user_files/sim_scripts/axi_traffic_gen_0/xsim/default_cmd.coe'
INFO: [SIM-utils-43] Exported 'D:/Y4/hardsoft/Lab/axi_gpio_0_ex/axi_gpio_0_ex.ip_user_files/sim_scripts/axi_traffic_gen_0/xsim/axi_traffic_gen_0_default_cmdram.mem'
INFO: [SIM-utils-43] Exported 'D:/Y4/hardsoft/Lab/axi_gpio_0_ex/axi_gpio_0_ex.ip_user_files/sim_scripts/axi_traffic_gen_0/xsim/axi_traffic_gen_0_addr.mem'
INFO: [SIM-utils-43] Exported 'D:/Y4/hardsoft/Lab/axi_gpio_0_ex/axi_gpio_0_ex.ip_user_files/sim_scripts/axi_traffic_gen_0/xsim/axi_traffic_gen_0_data.mem'
INFO: [SIM-utils-43] Exported 'D:/Y4/hardsoft/Lab/axi_gpio_0_ex/axi_gpio_0_ex.ip_user_files/sim_scripts/axi_traffic_gen_0/xsim/axi_traffic_gen_0_ctrl.mem'
INFO: [SIM-utils-43] Exported 'D:/Y4/hardsoft/Lab/axi_gpio_0_ex/axi_gpio_0_ex.ip_user_files/sim_scripts/axi_traffic_gen_0/xsim/axi_traffic_gen_0_mask.mem'
INFO: [exportsim-Tcl-35] Exporting simulation files for "MODELSIM" (Mentor Graphics ModelSim Simulator)...
INFO: [exportsim-Tcl-29] Script generated: 'D:/Y4/hardsoft/Lab/axi_gpio_0_ex/axi_gpio_0_ex.ip_user_files/sim_scripts/axi_traffic_gen_0/modelsim/axi_traffic_gen_0.sh'
INFO: [SIM-utils-43] Exported 'D:/Y4/hardsoft/Lab/axi_gpio_0_ex/axi_gpio_0_ex.ip_user_files/sim_scripts/axi_traffic_gen_0/modelsim/atg_data.coe'
INFO: [SIM-utils-43] Exported 'D:/Y4/hardsoft/Lab/axi_gpio_0_ex/axi_gpio_0_ex.ip_user_files/sim_scripts/axi_traffic_gen_0/modelsim/atg_addr.coe'
INFO: [SIM-utils-43] Exported 'D:/Y4/hardsoft/Lab/axi_gpio_0_ex/axi_gpio_0_ex.ip_user_files/sim_scripts/axi_traffic_gen_0/modelsim/atg_mask.coe'
INFO: [SIM-utils-43] Exported 'D:/Y4/hardsoft/Lab/axi_gpio_0_ex/axi_gpio_0_ex.ip_user_files/sim_scripts/axi_traffic_gen_0/modelsim/atg_ctrl.coe'
INFO: [SIM-utils-43] Exported 'D:/Y4/hardsoft/Lab/axi_gpio_0_ex/axi_gpio_0_ex.ip_user_files/sim_scripts/axi_traffic_gen_0/modelsim/default_prm.coe'
INFO: [SIM-utils-43] Exported 'D:/Y4/hardsoft/Lab/axi_gpio_0_ex/axi_gpio_0_ex.ip_user_files/sim_scripts/axi_traffic_gen_0/modelsim/axi_traffic_gen_0_default_prmram.mem'
INFO: [SIM-utils-43] Exported 'D:/Y4/hardsoft/Lab/axi_gpio_0_ex/axi_gpio_0_ex.ip_user_files/sim_scripts/axi_traffic_gen_0/modelsim/default_adr.coe'
INFO: [SIM-utils-43] Exported 'D:/Y4/hardsoft/Lab/axi_gpio_0_ex/axi_gpio_0_ex.ip_user_files/sim_scripts/axi_traffic_gen_0/modelsim/axi_traffic_gen_0_default_addrram.mem'
INFO: [SIM-utils-43] Exported 'D:/Y4/hardsoft/Lab/axi_gpio_0_ex/axi_gpio_0_ex.ip_user_files/sim_scripts/axi_traffic_gen_0/modelsim/default_mst.coe'
INFO: [SIM-utils-43] Exported 'D:/Y4/hardsoft/Lab/axi_gpio_0_ex/axi_gpio_0_ex.ip_user_files/sim_scripts/axi_traffic_gen_0/modelsim/axi_traffic_gen_0_default_mstram.mem'
INFO: [SIM-utils-43] Exported 'D:/Y4/hardsoft/Lab/axi_gpio_0_ex/axi_gpio_0_ex.ip_user_files/sim_scripts/axi_traffic_gen_0/modelsim/default_cmd.coe'
INFO: [SIM-utils-43] Exported 'D:/Y4/hardsoft/Lab/axi_gpio_0_ex/axi_gpio_0_ex.ip_user_files/sim_scripts/axi_traffic_gen_0/modelsim/axi_traffic_gen_0_default_cmdram.mem'
INFO: [SIM-utils-43] Exported 'D:/Y4/hardsoft/Lab/axi_gpio_0_ex/axi_gpio_0_ex.ip_user_files/sim_scripts/axi_traffic_gen_0/modelsim/axi_traffic_gen_0_addr.mem'
INFO: [SIM-utils-43] Exported 'D:/Y4/hardsoft/Lab/axi_gpio_0_ex/axi_gpio_0_ex.ip_user_files/sim_scripts/axi_traffic_gen_0/modelsim/axi_traffic_gen_0_data.mem'
INFO: [SIM-utils-43] Exported 'D:/Y4/hardsoft/Lab/axi_gpio_0_ex/axi_gpio_0_ex.ip_user_files/sim_scripts/axi_traffic_gen_0/modelsim/axi_traffic_gen_0_ctrl.mem'
INFO: [SIM-utils-43] Exported 'D:/Y4/hardsoft/Lab/axi_gpio_0_ex/axi_gpio_0_ex.ip_user_files/sim_scripts/axi_traffic_gen_0/modelsim/axi_traffic_gen_0_mask.mem'
INFO: [exportsim-Tcl-35] Exporting simulation files for "QUESTA" (Mentor Graphics Questa Advanced Simulator)...
INFO: [exportsim-Tcl-29] Script generated: 'D:/Y4/hardsoft/Lab/axi_gpio_0_ex/axi_gpio_0_ex.ip_user_files/sim_scripts/axi_traffic_gen_0/questa/axi_traffic_gen_0.sh'
INFO: [SIM-utils-43] Exported 'D:/Y4/hardsoft/Lab/axi_gpio_0_ex/axi_gpio_0_ex.ip_user_files/sim_scripts/axi_traffic_gen_0/questa/atg_data.coe'
INFO: [SIM-utils-43] Exported 'D:/Y4/hardsoft/Lab/axi_gpio_0_ex/axi_gpio_0_ex.ip_user_files/sim_scripts/axi_traffic_gen_0/questa/atg_addr.coe'
INFO: [SIM-utils-43] Exported 'D:/Y4/hardsoft/Lab/axi_gpio_0_ex/axi_gpio_0_ex.ip_user_files/sim_scripts/axi_traffic_gen_0/questa/atg_mask.coe'
INFO: [SIM-utils-43] Exported 'D:/Y4/hardsoft/Lab/axi_gpio_0_ex/axi_gpio_0_ex.ip_user_files/sim_scripts/axi_traffic_gen_0/questa/atg_ctrl.coe'
INFO: [SIM-utils-43] Exported 'D:/Y4/hardsoft/Lab/axi_gpio_0_ex/axi_gpio_0_ex.ip_user_files/sim_scripts/axi_traffic_gen_0/questa/default_prm.coe'
INFO: [SIM-utils-43] Exported 'D:/Y4/hardsoft/Lab/axi_gpio_0_ex/axi_gpio_0_ex.ip_user_files/sim_scripts/axi_traffic_gen_0/questa/axi_traffic_gen_0_default_prmram.mem'
INFO: [SIM-utils-43] Exported 'D:/Y4/hardsoft/Lab/axi_gpio_0_ex/axi_gpio_0_ex.ip_user_files/sim_scripts/axi_traffic_gen_0/questa/default_adr.coe'
INFO: [SIM-utils-43] Exported 'D:/Y4/hardsoft/Lab/axi_gpio_0_ex/axi_gpio_0_ex.ip_user_files/sim_scripts/axi_traffic_gen_0/questa/axi_traffic_gen_0_default_addrram.mem'
INFO: [SIM-utils-43] Exported 'D:/Y4/hardsoft/Lab/axi_gpio_0_ex/axi_gpio_0_ex.ip_user_files/sim_scripts/axi_traffic_gen_0/questa/default_mst.coe'
INFO: [SIM-utils-43] Exported 'D:/Y4/hardsoft/Lab/axi_gpio_0_ex/axi_gpio_0_ex.ip_user_files/sim_scripts/axi_traffic_gen_0/questa/axi_traffic_gen_0_default_mstram.mem'
INFO: [SIM-utils-43] Exported 'D:/Y4/hardsoft/Lab/axi_gpio_0_ex/axi_gpio_0_ex.ip_user_files/sim_scripts/axi_traffic_gen_0/questa/default_cmd.coe'
INFO: [SIM-utils-43] Exported 'D:/Y4/hardsoft/Lab/axi_gpio_0_ex/axi_gpio_0_ex.ip_user_files/sim_scripts/axi_traffic_gen_0/questa/axi_traffic_gen_0_default_cmdram.mem'
INFO: [SIM-utils-43] Exported 'D:/Y4/hardsoft/Lab/axi_gpio_0_ex/axi_gpio_0_ex.ip_user_files/sim_scripts/axi_traffic_gen_0/questa/axi_traffic_gen_0_addr.mem'
INFO: [SIM-utils-43] Exported 'D:/Y4/hardsoft/Lab/axi_gpio_0_ex/axi_gpio_0_ex.ip_user_files/sim_scripts/axi_traffic_gen_0/questa/axi_traffic_gen_0_data.mem'
INFO: [SIM-utils-43] Exported 'D:/Y4/hardsoft/Lab/axi_gpio_0_ex/axi_gpio_0_ex.ip_user_files/sim_scripts/axi_traffic_gen_0/questa/axi_traffic_gen_0_ctrl.mem'
INFO: [SIM-utils-43] Exported 'D:/Y4/hardsoft/Lab/axi_gpio_0_ex/axi_gpio_0_ex.ip_user_files/sim_scripts/axi_traffic_gen_0/questa/axi_traffic_gen_0_mask.mem'
INFO: [exportsim-Tcl-35] Exporting simulation files for "IES" (Cadence Incisive Enterprise Simulator)...
INFO: [exportsim-Tcl-29] Script generated: 'D:/Y4/hardsoft/Lab/axi_gpio_0_ex/axi_gpio_0_ex.ip_user_files/sim_scripts/axi_traffic_gen_0/ies/axi_traffic_gen_0.sh'
INFO: [SIM-utils-43] Exported 'D:/Y4/hardsoft/Lab/axi_gpio_0_ex/axi_gpio_0_ex.ip_user_files/sim_scripts/axi_traffic_gen_0/ies/atg_data.coe'
INFO: [SIM-utils-43] Exported 'D:/Y4/hardsoft/Lab/axi_gpio_0_ex/axi_gpio_0_ex.ip_user_files/sim_scripts/axi_traffic_gen_0/ies/atg_addr.coe'
INFO: [SIM-utils-43] Exported 'D:/Y4/hardsoft/Lab/axi_gpio_0_ex/axi_gpio_0_ex.ip_user_files/sim_scripts/axi_traffic_gen_0/ies/atg_mask.coe'
INFO: [SIM-utils-43] Exported 'D:/Y4/hardsoft/Lab/axi_gpio_0_ex/axi_gpio_0_ex.ip_user_files/sim_scripts/axi_traffic_gen_0/ies/atg_ctrl.coe'
INFO: [SIM-utils-43] Exported 'D:/Y4/hardsoft/Lab/axi_gpio_0_ex/axi_gpio_0_ex.ip_user_files/sim_scripts/axi_traffic_gen_0/ies/default_prm.coe'
INFO: [SIM-utils-43] Exported 'D:/Y4/hardsoft/Lab/axi_gpio_0_ex/axi_gpio_0_ex.ip_user_files/sim_scripts/axi_traffic_gen_0/ies/axi_traffic_gen_0_default_prmram.mem'
INFO: [SIM-utils-43] Exported 'D:/Y4/hardsoft/Lab/axi_gpio_0_ex/axi_gpio_0_ex.ip_user_files/sim_scripts/axi_traffic_gen_0/ies/default_adr.coe'
INFO: [SIM-utils-43] Exported 'D:/Y4/hardsoft/Lab/axi_gpio_0_ex/axi_gpio_0_ex.ip_user_files/sim_scripts/axi_traffic_gen_0/ies/axi_traffic_gen_0_default_addrram.mem'
INFO: [SIM-utils-43] Exported 'D:/Y4/hardsoft/Lab/axi_gpio_0_ex/axi_gpio_0_ex.ip_user_files/sim_scripts/axi_traffic_gen_0/ies/default_mst.coe'
INFO: [SIM-utils-43] Exported 'D:/Y4/hardsoft/Lab/axi_gpio_0_ex/axi_gpio_0_ex.ip_user_files/sim_scripts/axi_traffic_gen_0/ies/axi_traffic_gen_0_default_mstram.mem'
INFO: [SIM-utils-43] Exported 'D:/Y4/hardsoft/Lab/axi_gpio_0_ex/axi_gpio_0_ex.ip_user_files/sim_scripts/axi_traffic_gen_0/ies/default_cmd.coe'
INFO: [SIM-utils-43] Exported 'D:/Y4/hardsoft/Lab/axi_gpio_0_ex/axi_gpio_0_ex.ip_user_files/sim_scripts/axi_traffic_gen_0/ies/axi_traffic_gen_0_default_cmdram.mem'
INFO: [SIM-utils-43] Exported 'D:/Y4/hardsoft/Lab/axi_gpio_0_ex/axi_gpio_0_ex.ip_user_files/sim_scripts/axi_traffic_gen_0/ies/axi_traffic_gen_0_addr.mem'
INFO: [SIM-utils-43] Exported 'D:/Y4/hardsoft/Lab/axi_gpio_0_ex/axi_gpio_0_ex.ip_user_files/sim_scripts/axi_traffic_gen_0/ies/axi_traffic_gen_0_data.mem'
INFO: [SIM-utils-43] Exported 'D:/Y4/hardsoft/Lab/axi_gpio_0_ex/axi_gpio_0_ex.ip_user_files/sim_scripts/axi_traffic_gen_0/ies/axi_traffic_gen_0_ctrl.mem'
INFO: [SIM-utils-43] Exported 'D:/Y4/hardsoft/Lab/axi_gpio_0_ex/axi_gpio_0_ex.ip_user_files/sim_scripts/axi_traffic_gen_0/ies/axi_traffic_gen_0_mask.mem'
INFO: [exportsim-Tcl-35] Exporting simulation files for "VCS" (Synopsys Verilog Compiler Simulator)...
INFO: [exportsim-Tcl-29] Script generated: 'D:/Y4/hardsoft/Lab/axi_gpio_0_ex/axi_gpio_0_ex.ip_user_files/sim_scripts/axi_traffic_gen_0/vcs/axi_traffic_gen_0.sh'
INFO: [SIM-utils-43] Exported 'D:/Y4/hardsoft/Lab/axi_gpio_0_ex/axi_gpio_0_ex.ip_user_files/sim_scripts/axi_traffic_gen_0/vcs/atg_data.coe'
INFO: [SIM-utils-43] Exported 'D:/Y4/hardsoft/Lab/axi_gpio_0_ex/axi_gpio_0_ex.ip_user_files/sim_scripts/axi_traffic_gen_0/vcs/atg_addr.coe'
INFO: [SIM-utils-43] Exported 'D:/Y4/hardsoft/Lab/axi_gpio_0_ex/axi_gpio_0_ex.ip_user_files/sim_scripts/axi_traffic_gen_0/vcs/atg_mask.coe'
INFO: [SIM-utils-43] Exported 'D:/Y4/hardsoft/Lab/axi_gpio_0_ex/axi_gpio_0_ex.ip_user_files/sim_scripts/axi_traffic_gen_0/vcs/atg_ctrl.coe'
INFO: [SIM-utils-43] Exported 'D:/Y4/hardsoft/Lab/axi_gpio_0_ex/axi_gpio_0_ex.ip_user_files/sim_scripts/axi_traffic_gen_0/vcs/default_prm.coe'
INFO: [SIM-utils-43] Exported 'D:/Y4/hardsoft/Lab/axi_gpio_0_ex/axi_gpio_0_ex.ip_user_files/sim_scripts/axi_traffic_gen_0/vcs/axi_traffic_gen_0_default_prmram.mem'
INFO: [SIM-utils-43] Exported 'D:/Y4/hardsoft/Lab/axi_gpio_0_ex/axi_gpio_0_ex.ip_user_files/sim_scripts/axi_traffic_gen_0/vcs/default_adr.coe'
INFO: [SIM-utils-43] Exported 'D:/Y4/hardsoft/Lab/axi_gpio_0_ex/axi_gpio_0_ex.ip_user_files/sim_scripts/axi_traffic_gen_0/vcs/axi_traffic_gen_0_default_addrram.mem'
INFO: [SIM-utils-43] Exported 'D:/Y4/hardsoft/Lab/axi_gpio_0_ex/axi_gpio_0_ex.ip_user_files/sim_scripts/axi_traffic_gen_0/vcs/default_mst.coe'
INFO: [SIM-utils-43] Exported 'D:/Y4/hardsoft/Lab/axi_gpio_0_ex/axi_gpio_0_ex.ip_user_files/sim_scripts/axi_traffic_gen_0/vcs/axi_traffic_gen_0_default_mstram.mem'
INFO: [SIM-utils-43] Exported 'D:/Y4/hardsoft/Lab/axi_gpio_0_ex/axi_gpio_0_ex.ip_user_files/sim_scripts/axi_traffic_gen_0/vcs/default_cmd.coe'
INFO: [SIM-utils-43] Exported 'D:/Y4/hardsoft/Lab/axi_gpio_0_ex/axi_gpio_0_ex.ip_user_files/sim_scripts/axi_traffic_gen_0/vcs/axi_traffic_gen_0_default_cmdram.mem'
INFO: [SIM-utils-43] Exported 'D:/Y4/hardsoft/Lab/axi_gpio_0_ex/axi_gpio_0_ex.ip_user_files/sim_scripts/axi_traffic_gen_0/vcs/axi_traffic_gen_0_addr.mem'
INFO: [SIM-utils-43] Exported 'D:/Y4/hardsoft/Lab/axi_gpio_0_ex/axi_gpio_0_ex.ip_user_files/sim_scripts/axi_traffic_gen_0/vcs/axi_traffic_gen_0_data.mem'
INFO: [SIM-utils-43] Exported 'D:/Y4/hardsoft/Lab/axi_gpio_0_ex/axi_gpio_0_ex.ip_user_files/sim_scripts/axi_traffic_gen_0/vcs/axi_traffic_gen_0_ctrl.mem'
INFO: [SIM-utils-43] Exported 'D:/Y4/hardsoft/Lab/axi_gpio_0_ex/axi_gpio_0_ex.ip_user_files/sim_scripts/axi_traffic_gen_0/vcs/axi_traffic_gen_0_mask.mem'
INFO: [exportsim-Tcl-35] Exporting simulation files for "RIVIERA" (Aldec Riviera-PRO Simulator)...
INFO: [exportsim-Tcl-29] Script generated: 'D:/Y4/hardsoft/Lab/axi_gpio_0_ex/axi_gpio_0_ex.ip_user_files/sim_scripts/axi_traffic_gen_0/riviera/axi_traffic_gen_0.sh'
INFO: [SIM-utils-43] Exported 'D:/Y4/hardsoft/Lab/axi_gpio_0_ex/axi_gpio_0_ex.ip_user_files/sim_scripts/axi_traffic_gen_0/riviera/atg_data.coe'
INFO: [SIM-utils-43] Exported 'D:/Y4/hardsoft/Lab/axi_gpio_0_ex/axi_gpio_0_ex.ip_user_files/sim_scripts/axi_traffic_gen_0/riviera/atg_addr.coe'
INFO: [SIM-utils-43] Exported 'D:/Y4/hardsoft/Lab/axi_gpio_0_ex/axi_gpio_0_ex.ip_user_files/sim_scripts/axi_traffic_gen_0/riviera/atg_mask.coe'
INFO: [SIM-utils-43] Exported 'D:/Y4/hardsoft/Lab/axi_gpio_0_ex/axi_gpio_0_ex.ip_user_files/sim_scripts/axi_traffic_gen_0/riviera/atg_ctrl.coe'
INFO: [SIM-utils-43] Exported 'D:/Y4/hardsoft/Lab/axi_gpio_0_ex/axi_gpio_0_ex.ip_user_files/sim_scripts/axi_traffic_gen_0/riviera/default_prm.coe'
INFO: [SIM-utils-43] Exported 'D:/Y4/hardsoft/Lab/axi_gpio_0_ex/axi_gpio_0_ex.ip_user_files/sim_scripts/axi_traffic_gen_0/riviera/axi_traffic_gen_0_default_prmram.mem'
INFO: [SIM-utils-43] Exported 'D:/Y4/hardsoft/Lab/axi_gpio_0_ex/axi_gpio_0_ex.ip_user_files/sim_scripts/axi_traffic_gen_0/riviera/default_adr.coe'
INFO: [SIM-utils-43] Exported 'D:/Y4/hardsoft/Lab/axi_gpio_0_ex/axi_gpio_0_ex.ip_user_files/sim_scripts/axi_traffic_gen_0/riviera/axi_traffic_gen_0_default_addrram.mem'
INFO: [SIM-utils-43] Exported 'D:/Y4/hardsoft/Lab/axi_gpio_0_ex/axi_gpio_0_ex.ip_user_files/sim_scripts/axi_traffic_gen_0/riviera/default_mst.coe'
INFO: [SIM-utils-43] Exported 'D:/Y4/hardsoft/Lab/axi_gpio_0_ex/axi_gpio_0_ex.ip_user_files/sim_scripts/axi_traffic_gen_0/riviera/axi_traffic_gen_0_default_mstram.mem'
INFO: [SIM-utils-43] Exported 'D:/Y4/hardsoft/Lab/axi_gpio_0_ex/axi_gpio_0_ex.ip_user_files/sim_scripts/axi_traffic_gen_0/riviera/default_cmd.coe'
INFO: [SIM-utils-43] Exported 'D:/Y4/hardsoft/Lab/axi_gpio_0_ex/axi_gpio_0_ex.ip_user_files/sim_scripts/axi_traffic_gen_0/riviera/axi_traffic_gen_0_default_cmdram.mem'
INFO: [SIM-utils-43] Exported 'D:/Y4/hardsoft/Lab/axi_gpio_0_ex/axi_gpio_0_ex.ip_user_files/sim_scripts/axi_traffic_gen_0/riviera/axi_traffic_gen_0_addr.mem'
INFO: [SIM-utils-43] Exported 'D:/Y4/hardsoft/Lab/axi_gpio_0_ex/axi_gpio_0_ex.ip_user_files/sim_scripts/axi_traffic_gen_0/riviera/axi_traffic_gen_0_data.mem'
INFO: [SIM-utils-43] Exported 'D:/Y4/hardsoft/Lab/axi_gpio_0_ex/axi_gpio_0_ex.ip_user_files/sim_scripts/axi_traffic_gen_0/riviera/axi_traffic_gen_0_ctrl.mem'
INFO: [SIM-utils-43] Exported 'D:/Y4/hardsoft/Lab/axi_gpio_0_ex/axi_gpio_0_ex.ip_user_files/sim_scripts/axi_traffic_gen_0/riviera/axi_traffic_gen_0_mask.mem'
INFO: [exportsim-Tcl-35] Exporting simulation files for "ACTIVEHDL" (Aldec Active-HDL Simulator)...
INFO: [exportsim-Tcl-29] Script generated: 'D:/Y4/hardsoft/Lab/axi_gpio_0_ex/axi_gpio_0_ex.ip_user_files/sim_scripts/axi_traffic_gen_0/activehdl/axi_traffic_gen_0.sh'
INFO: [SIM-utils-43] Exported 'D:/Y4/hardsoft/Lab/axi_gpio_0_ex/axi_gpio_0_ex.ip_user_files/sim_scripts/axi_traffic_gen_0/activehdl/atg_data.coe'
INFO: [SIM-utils-43] Exported 'D:/Y4/hardsoft/Lab/axi_gpio_0_ex/axi_gpio_0_ex.ip_user_files/sim_scripts/axi_traffic_gen_0/activehdl/atg_addr.coe'
INFO: [SIM-utils-43] Exported 'D:/Y4/hardsoft/Lab/axi_gpio_0_ex/axi_gpio_0_ex.ip_user_files/sim_scripts/axi_traffic_gen_0/activehdl/atg_mask.coe'
INFO: [SIM-utils-43] Exported 'D:/Y4/hardsoft/Lab/axi_gpio_0_ex/axi_gpio_0_ex.ip_user_files/sim_scripts/axi_traffic_gen_0/activehdl/atg_ctrl.coe'
INFO: [Common 17-14] Message 'SIM-utils 43' appears 100 times and further instances of the messages will be disabled. Use the Tcl command set_msg_config to change the current settings.
INFO: [exportsim-Tcl-35] Exporting simulation files for "XCELIUM" (Cadence Xcelium Parallel Simulator)...
INFO: [exportsim-Tcl-29] Script generated: 'D:/Y4/hardsoft/Lab/axi_gpio_0_ex/axi_gpio_0_ex.ip_user_files/sim_scripts/axi_traffic_gen_0/xcelium/axi_traffic_gen_0.sh'
INFO: [exportsim-Tcl-35] Exporting simulation files for "XSIM" (Xilinx Vivado Simulator)...
INFO: [exportsim-Tcl-29] Script generated: 'D:/Y4/hardsoft/Lab/axi_gpio_0_ex/axi_gpio_0_ex.ip_user_files/sim_scripts/clk_wiz_0/xsim/clk_wiz_0.sh'
INFO: [exportsim-Tcl-35] Exporting simulation files for "MODELSIM" (Mentor Graphics ModelSim Simulator)...
INFO: [exportsim-Tcl-29] Script generated: 'D:/Y4/hardsoft/Lab/axi_gpio_0_ex/axi_gpio_0_ex.ip_user_files/sim_scripts/clk_wiz_0/modelsim/clk_wiz_0.sh'
INFO: [exportsim-Tcl-35] Exporting simulation files for "QUESTA" (Mentor Graphics Questa Advanced Simulator)...
INFO: [exportsim-Tcl-29] Script generated: 'D:/Y4/hardsoft/Lab/axi_gpio_0_ex/axi_gpio_0_ex.ip_user_files/sim_scripts/clk_wiz_0/questa/clk_wiz_0.sh'
INFO: [exportsim-Tcl-35] Exporting simulation files for "IES" (Cadence Incisive Enterprise Simulator)...
INFO: [exportsim-Tcl-29] Script generated: 'D:/Y4/hardsoft/Lab/axi_gpio_0_ex/axi_gpio_0_ex.ip_user_files/sim_scripts/clk_wiz_0/ies/clk_wiz_0.sh'
INFO: [exportsim-Tcl-35] Exporting simulation files for "VCS" (Synopsys Verilog Compiler Simulator)...
INFO: [exportsim-Tcl-29] Script generated: 'D:/Y4/hardsoft/Lab/axi_gpio_0_ex/axi_gpio_0_ex.ip_user_files/sim_scripts/clk_wiz_0/vcs/clk_wiz_0.sh'
INFO: [exportsim-Tcl-35] Exporting simulation files for "RIVIERA" (Aldec Riviera-PRO Simulator)...
INFO: [exportsim-Tcl-29] Script generated: 'D:/Y4/hardsoft/Lab/axi_gpio_0_ex/axi_gpio_0_ex.ip_user_files/sim_scripts/clk_wiz_0/riviera/clk_wiz_0.sh'
INFO: [exportsim-Tcl-35] Exporting simulation files for "ACTIVEHDL" (Aldec Active-HDL Simulator)...
INFO: [exportsim-Tcl-29] Script generated: 'D:/Y4/hardsoft/Lab/axi_gpio_0_ex/axi_gpio_0_ex.ip_user_files/sim_scripts/clk_wiz_0/activehdl/clk_wiz_0.sh'
INFO: [exportsim-Tcl-35] Exporting simulation files for "XCELIUM" (Cadence Xcelium Parallel Simulator)...
INFO: [exportsim-Tcl-29] Script generated: 'D:/Y4/hardsoft/Lab/axi_gpio_0_ex/axi_gpio_0_ex.ip_user_files/sim_scripts/clk_wiz_0/xcelium/clk_wiz_0.sh'
export_ip_user_files: Time (s): cpu = 00:00:12 ; elapsed = 00:00:08 . Memory (MB): peak = 1039.031 ; gain = 34.633
INFO: [open_example_project] Open Example Project completed
update_compile_order -fileset sources_1
exit
INFO: [Common 17-206] Exiting Vivado at Fri Apr  2 16:28:33 2021...
