14:07:43 **** Build of project ZyboIPCreation_wrapper ****
buildplatform.bat 52130 ZyboIPCreation_wrapper  
XSDB Server Channel: tcfchan#12
Building the zynq_fsbl application.
make -C zynq_fsbl_bsp

make[1]: Entering directory 'D:/Y4/hardsoft/Lab/create_project_2019/Workspace.vitas/ZyboIPCreation_wrapper/zynq_fsbl/zynq_fsbl_
bsp'

"Running Make include in ps7_cortexa9_0/libsrc/coresightps_dcc_v1_6/src"

make -C ps7_cortexa9_0/libsrc/coresightps_dcc_v1_6/src -s include  "SHELL=CMD" "COMPILER=arm-none-eabi-gcc" "ASSEMBLER=arm-none
-eabi-as" "ARCHIVER=arm-none-eabi-ar" "COMPILER_FLAGS=  -O2 -c" "EXTRA_COMPILER_FLAGS=-mcpu=cortex-a9 -mfpu=vfpv3 -mfloat-abi=h
ard -nostartfiles -g -Wall -Wextra"

make[2]: Entering directory 'D:/Y4/hardsoft/Lab/create_project_2019/Workspace.vitas/ZyboIPCreation_wrapper/zynq_fsbl/zynq_fsbl_
bsp/ps7_cortexa9_0/libsrc/coresightps_dcc_v1_6/src'

make[2]: Leaving directory 'D:/Y4/hardsoft/Lab/create_project_2019/Workspace.vitas/ZyboIPCreation_wrapper/zynq_fsbl/zynq_fsbl_b
sp/ps7_cortexa9_0/libsrc/coresightps_dcc_v1_6/src'

"Running Make include in ps7_cortexa9_0/libsrc/cpu_cortexa9_v2_8/src"

make -C ps7_cortexa9_0/libsrc/cpu_cortexa9_v2_8/src -s include  "SHELL=CMD" "COMPILER=arm-none-eabi-gcc" "ASSEMBLER=arm-none-ea
bi-as" "ARCHIVER=arm-none-eabi-ar" "COMPILER_FLAGS=  -O2 -c" "EXTRA_COMPILER_FLAGS=-mcpu=cortex-a9 -mfpu=vfpv3 -mfloat-abi=hard
 -nostartfiles -g -Wall -Wextra"

make[2]: Entering directory 'D:/Y4/hardsoft/Lab/create_project_2019/Workspace.vitas/ZyboIPCreation_wrapper/zynq_fsbl/zynq_fsbl_
bsp/ps7_cortexa9_0/libsrc/cpu_cortexa9_v2_8/src'

make[2]: Leaving directory 'D:/Y4/hardsoft/Lab/create_project_2019/Workspace.vitas/ZyboIPCreation_wrapper/zynq_fsbl/zynq_fsbl_b
sp/ps7_cortexa9_0/libsrc/cpu_cortexa9_v2_8/src'

"Running Make include in ps7_cortexa9_0/libsrc/ddrps_v1_0/src"

make -C ps7_cortexa9_0/libsrc/ddrps_v1_0/src -s include  "SHELL=CMD" "COMPILER=arm-none-eabi-gcc" "ASSEMBLER=arm-none-eabi-as" 
"ARCHIVER=arm-none-eabi-ar" "COMPILER_FLAGS=  -O2 -c" "EXTRA_COMPILER_FLAGS=-mcpu=cortex-a9 -mfpu=vfpv3 -mfloat-abi=hard -nosta
rtfiles -g -Wall -Wextra"

make[2]: Entering directory 'D:/Y4/hardsoft/Lab/create_project_2019/Workspace.vitas/ZyboIPCreation_wrapper/zynq_fsbl/zynq_fsbl_
bsp/ps7_cortexa9_0/libsrc/ddrps_v1_0/src'

make[2]: Leaving directory 'D:/Y4/hardsoft/Lab/create_project_2019/Workspace.vitas/ZyboIPCreation_wrapper/zynq_fsbl/zynq_fsbl_b
sp/ps7_cortexa9_0/libsrc/ddrps_v1_0/src'

"Running Make include in ps7_cortexa9_0/libsrc/devcfg_v3_5/src"

make -C ps7_cortexa9_0/libsrc/devcfg_v3_5/src -s include  "SHELL=CMD" "COMPILER=arm-none-eabi-gcc" "ASSEMBLER=arm-none-eabi-as"
 "ARCHIVER=arm-none-eabi-ar" "COMPILER_FLAGS=  -O2 -c" "EXTRA_COMPILER_FLAGS=-mcpu=cortex-a9 -mfpu=vfpv3 -mfloat-abi=hard -nost
artfiles -g -Wall -Wextra"

make[2]: Entering directory 'D:/Y4/hardsoft/Lab/create_project_2019/Workspace.vitas/ZyboIPCreation_wrapper/zynq_fsbl/zynq_fsbl_
bsp/ps7_cortexa9_0/libsrc/devcfg_v3_5/src'

make[2]: Leaving directory 'D:/Y4/hardsoft/Lab/create_project_2019/Workspace.vitas/ZyboIPCreation_wrapper/zynq_fsbl/zynq_fsbl_b
sp/ps7_cortexa9_0/libsrc/devcfg_v3_5/src'

"Running Make include in ps7_cortexa9_0/libsrc/dmaps_v2_5/src"

make -C ps7_cortexa9_0/libsrc/dmaps_v2_5/src -s include  "SHELL=CMD" "COMPILER=arm-none-eabi-gcc" "ASSEMBLER=arm-none-eabi-as" 
"ARCHIVER=arm-none-eabi-ar" "COMPILER_FLAGS=  -O2 -c" "EXTRA_COMPILER_FLAGS=-mcpu=cortex-a9 -mfpu=vfpv3 -mfloat-abi=hard -nosta
rtfiles -g -Wall -Wextra"

make[2]: Entering directory 'D:/Y4/hardsoft/Lab/create_project_2019/Workspace.vitas/ZyboIPCreation_wrapper/zynq_fsbl/zynq_fsbl_
bsp/ps7_cortexa9_0/libsrc/dmaps_v2_5/src'

make[2]: Leaving directory 'D:/Y4/hardsoft/Lab/create_project_2019/Workspace.vitas/ZyboIPCreation_wrapper/zynq_fsbl/zynq_fsbl_b
sp/ps7_cortexa9_0/libsrc/dmaps_v2_5/src'

"Running Make include in ps7_cortexa9_0/libsrc/emacps_v3_10/src"

make -C ps7_cortexa9_0/libsrc/emacps_v3_10/src -s include  "SHELL=CMD" "COMPILER=arm-none-eabi-gcc" "ASSEMBLER=arm-none-eabi-as
" "ARCHIVER=arm-none-eabi-ar" "COMPILER_FLAGS=  -O2 -c" "EXTRA_COMPILER_FLAGS=-mcpu=cortex-a9 -mfpu=vfpv3 -mfloat-abi=hard -nos
tartfiles -g -Wall -Wextra"

make[2]: Entering directory 'D:/Y4/hardsoft/Lab/create_project_2019/Workspace.vitas/ZyboIPCreation_wrapper/zynq_fsbl/zynq_fsbl_
bsp/ps7_cortexa9_0/libsrc/emacps_v3_10/src'

make[2]: Leaving directory 'D:/Y4/hardsoft/Lab/create_project_2019/Workspace.vitas/ZyboIPCreation_wrapper/zynq_fsbl/zynq_fsbl_b
sp/ps7_cortexa9_0/libsrc/emacps_v3_10/src'

"Running Make include in ps7_cortexa9_0/libsrc/gpiops_v3_6/src"

make -C ps7_cortexa9_0/libsrc/gpiops_v3_6/src -s include  "SHELL=CMD" "COMPILER=arm-none-eabi-gcc" "ASSEMBLER=arm-none-eabi-as"
 "ARCHIVER=arm-none-eabi-ar" "COMPILER_FLAGS=  -O2 -c" "EXTRA_COMPILER_FLAGS=-mcpu=cortex-a9 -mfpu=vfpv3 -mfloat-abi=hard -nost
artfiles -g -Wall -Wextra"

make[2]: Entering directory 'D:/Y4/hardsoft/Lab/create_project_2019/Workspace.vitas/ZyboIPCreation_wrapper/zynq_fsbl/zynq_fsbl_
bsp/ps7_cortexa9_0/libsrc/gpiops_v3_6/src'

make[2]: Leaving directory 'D:/Y4/hardsoft/Lab/create_project_2019/Workspace.vitas/ZyboIPCreation_wrapper/zynq_fsbl/zynq_fsbl_b
sp/ps7_cortexa9_0/libsrc/gpiops_v3_6/src'

"Running Make include in ps7_cortexa9_0/libsrc/myGpio2_v1_0/src"

make -C ps7_cortexa9_0/libsrc/myGpio2_v1_0/src -s include  "SHELL=CMD" "COMPILER=arm-none-eabi-gcc" "ASSEMBLER=arm-none-eabi-as
" "ARCHIVER=arm-none-eabi-ar" "COMPILER_FLAGS=  -O2 -c" "EXTRA_COMPILER_FLAGS=-mcpu=cortex-a9 -mfpu=vfpv3 -mfloat-abi=hard -nos
tartfiles -g -Wall -Wextra"

make[2]: Entering directory 'D:/Y4/hardsoft/Lab/create_project_2019/Workspace.vitas/ZyboIPCreation_wrapper/zynq_fsbl/zynq_fsbl_
bsp/ps7_cortexa9_0/libsrc/myGpio2_v1_0/src'

make[2]: Leaving directory 'D:/Y4/hardsoft/Lab/create_project_2019/Workspace.vitas/ZyboIPCreation_wrapper/zynq_fsbl/zynq_fsbl_b
sp/ps7_cortexa9_0/libsrc/myGpio2_v1_0/src'

"Running Make include in ps7_cortexa9_0/libsrc/qspips_v3_6/src"

make -C ps7_cortexa9_0/libsrc/qspips_v3_6/src -s include  "SHELL=CMD" "COMPILER=arm-none-eabi-gcc" "ASSEMBLER=arm-none-eabi-as"
 "ARCHIVER=arm-none-eabi-ar" "COMPILER_FLAGS=  -O2 -c" "EXTRA_COMPILER_FLAGS=-mcpu=cortex-a9 -mfpu=vfpv3 -mfloat-abi=hard -nost
artfiles -g -Wall -Wextra"

make[2]: Entering directory 'D:/Y4/hardsoft/Lab/create_project_2019/Workspace.vitas/ZyboIPCreation_wrapper/zynq_fsbl/zynq_fsbl_
bsp/ps7_cortexa9_0/libsrc/qspips_v3_6/src'

make[2]: Leaving directory 'D:/Y4/hardsoft/Lab/create_project_2019/Workspace.vitas/ZyboIPCreation_wrapper/zynq_fsbl/zynq_fsbl_b
sp/ps7_cortexa9_0/libsrc/qspips_v3_6/src'

"Running Make include in ps7_cortexa9_0/libsrc/scugic_v4_1/src"

make -C ps7_cortexa9_0/libsrc/scugic_v4_1/src -s include  "SHELL=CMD" "COMPILER=arm-none-eabi-gcc" "ASSEMBLER=arm-none-eabi-as"
 "ARCHIVER=arm-none-eabi-ar" "COMPILER_FLAGS=  -O2 -c" "EXTRA_COMPILER_FLAGS=-mcpu=cortex-a9 -mfpu=vfpv3 -mfloat-abi=hard -nost
artfiles -g -Wall -Wextra"

make[2]: Entering directory 'D:/Y4/hardsoft/Lab/create_project_2019/Workspace.vitas/ZyboIPCreation_wrapper/zynq_fsbl/zynq_fsbl_
bsp/ps7_cortexa9_0/libsrc/scugic_v4_1/src'

make[2]: Leaving directory 'D:/Y4/hardsoft/Lab/create_project_2019/Workspace.vitas/ZyboIPCreation_wrapper/zynq_fsbl/zynq_fsbl_b
sp/ps7_cortexa9_0/libsrc/scugic_v4_1/src'

"Running Make include in ps7_cortexa9_0/libsrc/scutimer_v2_1/src"

make -C ps7_cortexa9_0/libsrc/scutimer_v2_1/src -s include  "SHELL=CMD" "COMPILER=arm-none-eabi-gcc" "ASSEMBLER=arm-none-eabi-a
s" "ARCHIVER=arm-none-eabi-ar" "COMPILER_FLAGS=  -O2 -c" "EXTRA_COMPILER_FLAGS=-mcpu=cortex-a9 -mfpu=vfpv3 -mfloat-abi=hard -no
startfiles -g -Wall -Wextra"

make[2]: Entering directory 'D:/Y4/hardsoft/Lab/create_project_2019/Workspace.vitas/ZyboIPCreation_wrapper/zynq_fsbl/zynq_fsbl_
bsp/ps7_cortexa9_0/libsrc/scutimer_v2_1/src'

make[2]: Leaving directory 'D:/Y4/hardsoft/Lab/create_project_2019/Workspace.vitas/ZyboIPCreation_wrapper/zynq_fsbl/zynq_fsbl_b
sp/ps7_cortexa9_0/libsrc/scutimer_v2_1/src'

"Running Make include in ps7_cortexa9_0/libsrc/scuwdt_v2_1/src"

make -C ps7_cortexa9_0/libsrc/scuwdt_v2_1/src -s include  "SHELL=CMD" "COMPILER=arm-none-eabi-gcc" "ASSEMBLER=arm-none-eabi-as"
 "ARCHIVER=arm-none-eabi-ar" "COMPILER_FLAGS=  -O2 -c" "EXTRA_COMPILER_FLAGS=-mcpu=cortex-a9 -mfpu=vfpv3 -mfloat-abi=hard -nost
artfiles -g -Wall -Wextra"

make[2]: Entering directory 'D:/Y4/hardsoft/Lab/create_project_2019/Workspace.vitas/ZyboIPCreation_wrapper/zynq_fsbl/zynq_fsbl_
bsp/ps7_cortexa9_0/libsrc/scuwdt_v2_1/src'

make[2]: Leaving directory 'D:/Y4/hardsoft/Lab/create_project_2019/Workspace.vitas/ZyboIPCreation_wrapper/zynq_fsbl/zynq_fsbl_b
sp/ps7_cortexa9_0/libsrc/scuwdt_v2_1/src'

"Running Make include in ps7_cortexa9_0/libsrc/sdps_v3_8/src"

make -C ps7_cortexa9_0/libsrc/sdps_v3_8/src -s include  "SHELL=CMD" "COMPILER=arm-none-eabi-gcc" "ASSEMBLER=arm-none-eabi-as" "
ARCHIVER=arm-none-eabi-ar" "COMPILER_FLAGS=  -O2 -c" "EXTRA_COMPILER_FLAGS=-mcpu=cortex-a9 -mfpu=vfpv3 -mfloat-abi=hard -nostar
tfiles -g -Wall -Wextra"

make[2]: Entering directory 'D:/Y4/hardsoft/Lab/create_project_2019/Workspace.vitas/ZyboIPCreation_wrapper/zynq_fsbl/zynq_fsbl_
bsp/ps7_cortexa9_0/libsrc/sdps_v3_8/src'

make[2]: Leaving directory 'D:/Y4/hardsoft/Lab/create_project_2019/Workspace.vitas/ZyboIPCreation_wrapper/zynq_fsbl/zynq_fsbl_b
sp/ps7_cortexa9_0/libsrc/sdps_v3_8/src'

"Running Make include in ps7_cortexa9_0/libsrc/standalone_v7_1/src"

make -C ps7_cortexa9_0/libsrc/standalone_v7_1/src -s include  "SHELL=CMD" "COMPILER=arm-none-eabi-gcc" "ASSEMBLER=arm-none-eabi
-as" "ARCHIVER=arm-none-eabi-ar" "COMPILER_FLAGS=  -O2 -c" "EXTRA_COMPILER_FLAGS=-mcpu=cortex-a9 -mfpu=vfpv3 -mfloat-abi=hard -
nostartfiles -g -Wall -Wextra"

make[2]: Entering directory 'D:/Y4/hardsoft/Lab/create_project_2019/Workspace.vitas/ZyboIPCreation_wrapper/zynq_fsbl/zynq_fsbl_
bsp/ps7_cortexa9_0/libsrc/standalone_v7_1/src'

make[3]: Entering directory 'D:/Y4/hardsoft/Lab/create_project_2019/Workspace.vitas/ZyboIPCreation_wrapper/zynq_fsbl/zynq_fsbl_
bsp/ps7_cortexa9_0/libsrc/standalone_v7_1/src/profile'

make[3]: Leaving directory 'D:/Y4/hardsoft/Lab/create_project_2019/Workspace.vitas/ZyboIPCreation_wrapper/zynq_fsbl/zynq_fsbl_b
sp/ps7_cortexa9_0/libsrc/standalone_v7_1/src/profile'

make[2]: Leaving directory 'D:/Y4/hardsoft/Lab/create_project_2019/Workspace.vitas/ZyboIPCreation_wrapper/zynq_fsbl/zynq_fsbl_b
sp/ps7_cortexa9_0/libsrc/standalone_v7_1/src'

"Running Make include in ps7_cortexa9_0/libsrc/ttcps_v3_10/src"

make -C ps7_cortexa9_0/libsrc/ttcps_v3_10/src -s include  "SHELL=CMD" "COMPILER=arm-none-eabi-gcc" "ASSEMBLER=arm-none-eabi-as"
 "ARCHIVER=arm-none-eabi-ar" "COMPILER_FLAGS=  -O2 -c" "EXTRA_COMPILER_FLAGS=-mcpu=cortex-a9 -mfpu=vfpv3 -mfloat-abi=hard -nost
artfiles -g -Wall -Wextra"

make[2]: Entering directory 'D:/Y4/hardsoft/Lab/create_project_2019/Workspace.vitas/ZyboIPCreation_wrapper/zynq_fsbl/zynq_fsbl_
bsp/ps7_cortexa9_0/libsrc/ttcps_v3_10/src'

make[2]: Leaving directory 'D:/Y4/hardsoft/Lab/create_project_2019/Workspace.vitas/ZyboIPCreation_wrapper/zynq_fsbl/zynq_fsbl_b
sp/ps7_cortexa9_0/libsrc/ttcps_v3_10/src'

"Running Make include in ps7_cortexa9_0/libsrc/uartps_v3_8/src"

make -C ps7_cortexa9_0/libsrc/uartps_v3_8/src -s include  "SHELL=CMD" "COMPILER=arm-none-eabi-gcc" "ASSEMBLER=arm-none-eabi-as"
 "ARCHIVER=arm-none-eabi-ar" "COMPILER_FLAGS=  -O2 -c" "EXTRA_COMPILER_FLAGS=-mcpu=cortex-a9 -mfpu=vfpv3 -mfloat-abi=hard -nost
artfiles -g -Wall -Wextra"

make[2]: Entering directory 'D:/Y4/hardsoft/Lab/create_project_2019/Workspace.vitas/ZyboIPCreation_wrapper/zynq_fsbl/zynq_fsbl_
bsp/ps7_cortexa9_0/libsrc/uartps_v3_8/src'

make[2]: Leaving directory 'D:/Y4/hardsoft/Lab/create_project_2019/Workspace.vitas/ZyboIPCreation_wrapper/zynq_fsbl/zynq_fsbl_b
sp/ps7_cortexa9_0/libsrc/uartps_v3_8/src'

"Running Make include in ps7_cortexa9_0/libsrc/usbps_v2_4/src"

make -C ps7_cortexa9_0/libsrc/usbps_v2_4/src -s include  "SHELL=CMD" "COMPILER=arm-none-eabi-gcc" "ASSEMBLER=arm-none-eabi-as" 
"ARCHIVER=arm-none-eabi-ar" "COMPILER_FLAGS=  -O2 -c" "EXTRA_COMPILER_FLAGS=-mcpu=cortex-a9 -mfpu=vfpv3 -mfloat-abi=hard -nosta
rtfiles -g -Wall -Wextra"

make[2]: Entering directory 'D:/Y4/hardsoft/Lab/create_project_2019/Workspace.vitas/ZyboIPCreation_wrapper/zynq_fsbl/zynq_fsbl_
bsp/ps7_cortexa9_0/libsrc/usbps_v2_4/src'

make[2]: Leaving directory 'D:/Y4/hardsoft/Lab/create_project_2019/Workspace.vitas/ZyboIPCreation_wrapper/zynq_fsbl/zynq_fsbl_b
sp/ps7_cortexa9_0/libsrc/usbps_v2_4/src'

"Running Make include in ps7_cortexa9_0/libsrc/xadcps_v2_3/src"

make -C ps7_cortexa9_0/libsrc/xadcps_v2_3/src -s include  "SHELL=CMD" "COMPILER=arm-none-eabi-gcc" "ASSEMBLER=arm-none-eabi-as"
 "ARCHIVER=arm-none-eabi-ar" "COMPILER_FLAGS=  -O2 -c" "EXTRA_COMPILER_FLAGS=-mcpu=cortex-a9 -mfpu=vfpv3 -mfloat-abi=hard -nost
artfiles -g -Wall -Wextra"

make[2]: Entering directory 'D:/Y4/hardsoft/Lab/create_project_2019/Workspace.vitas/ZyboIPCreation_wrapper/zynq_fsbl/zynq_fsbl_
bsp/ps7_cortexa9_0/libsrc/xadcps_v2_3/src'

make[2]: Leaving directory 'D:/Y4/hardsoft/Lab/create_project_2019/Workspace.vitas/ZyboIPCreation_wrapper/zynq_fsbl/zynq_fsbl_b
sp/ps7_cortexa9_0/libsrc/xadcps_v2_3/src'

"Running Make include in ps7_cortexa9_0/libsrc/xilffs_v4_2/src"

make -C ps7_cortexa9_0/libsrc/xilffs_v4_2/src -s include  "SHELL=CMD" "COMPILER=arm-none-eabi-gcc" "ASSEMBLER=arm-none-eabi-as"
 "ARCHIVER=arm-none-eabi-ar" "COMPILER_FLAGS=  -O2 -c" "EXTRA_COMPILER_FLAGS=-mcpu=cortex-a9 -mfpu=vfpv3 -mfloat-abi=hard -nost
artfiles -g -Wall -Wextra"

make[2]: Entering directory 'D:/Y4/hardsoft/Lab/create_project_2019/Workspace.vitas/ZyboIPCreation_wrapper/zynq_fsbl/zynq_fsbl_
bsp/ps7_cortexa9_0/libsrc/xilffs_v4_2/src'

make[2]: Leaving directory 'D:/Y4/hardsoft/Lab/create_project_2019/Workspace.vitas/ZyboIPCreation_wrapper/zynq_fsbl/zynq_fsbl_b
sp/ps7_cortexa9_0/libsrc/xilffs_v4_2/src'

"Running Make include in ps7_cortexa9_0/libsrc/xilrsa_v1_5/src"

make -C ps7_cortexa9_0/libsrc/xilrsa_v1_5/src -s include  "SHELL=CMD" "COMPILER=arm-none-eabi-gcc" "ASSEMBLER=arm-none-eabi-as"
 "ARCHIVER=arm-none-eabi-ar" "COMPILER_FLAGS=  -O2 -c" "EXTRA_COMPILER_FLAGS=-mcpu=cortex-a9 -mfpu=vfpv3 -mfloat-abi=hard -nost
artfiles -g -Wall -Wextra"

make[2]: Entering directory 'D:/Y4/hardsoft/Lab/create_project_2019/Workspace.vitas/ZyboIPCreation_wrapper/zynq_fsbl/zynq_fsbl_
bsp/ps7_cortexa9_0/libsrc/xilrsa_v1_5/src'

make[2]: Leaving directory 'D:/Y4/hardsoft/Lab/create_project_2019/Workspace.vitas/ZyboIPCreation_wrapper/zynq_fsbl/zynq_fsbl_b
sp/ps7_cortexa9_0/libsrc/xilrsa_v1_5/src'

"Running Make libs in ps7_cortexa9_0/libsrc/coresightps_dcc_v1_6/src"

make -C ps7_cortexa9_0/libsrc/coresightps_dcc_v1_6/src -s libs  "SHELL=CMD" "COMPILER=arm-none-eabi-gcc" "ASSEMBLER=arm-none-ea
bi-as" "ARCHIVER=arm-none-eabi-ar" "COMPILER_FLAGS=  -O2 -c" "EXTRA_COMPILER_FLAGS=-mcpu=cortex-a9 -mfpu=vfpv3 -mfloat-abi=hard
 -nostartfiles -g -Wall -Wextra"

make[2]: Entering directory 'D:/Y4/hardsoft/Lab/create_project_2019/Workspace.vitas/ZyboIPCreation_wrapper/zynq_fsbl/zynq_fsbl_
bsp/ps7_cortexa9_0/libsrc/coresightps_dcc_v1_6/src'

"Compiling coresightps_dcc"

arm-none-eabi-ar: creating ../../../lib/libxil.a
make[2]: Leaving directory 'D:/Y4/hardsoft/Lab/create_project_2019/Workspace.vitas/ZyboIPCreation_wrapper/zynq_fsbl/zynq_fsbl_b
sp/ps7_cortexa9_0/libsrc/coresightps_dcc_v1_6/src'

"Running Make libs in ps7_cortexa9_0/libsrc/cpu_cortexa9_v2_8/src"

make -C ps7_cortexa9_0/libsrc/cpu_cortexa9_v2_8/src -s libs  "SHELL=CMD" "COMPILER=arm-none-eabi-gcc" "ASSEMBLER=arm-none-eabi-
as" "ARCHIVER=arm-none-eabi-ar" "COMPILER_FLAGS=  -O2 -c" "EXTRA_COMPILER_FLAGS=-mcpu=cortex-a9 -mfpu=vfpv3 -mfloat-abi=hard -n
ostartfiles -g -Wall -Wextra"

make[2]: Entering directory 'D:/Y4/hardsoft/Lab/create_project_2019/Workspace.vitas/ZyboIPCreation_wrapper/zynq_fsbl/zynq_fsbl_
bsp/ps7_cortexa9_0/libsrc/cpu_cortexa9_v2_8/src'

"Compiling cpu_cortexa9"

make[2]: Leaving directory 'D:/Y4/hardsoft/Lab/create_project_2019/Workspace.vitas/ZyboIPCreation_wrapper/zynq_fsbl/zynq_fsbl_b
sp/ps7_cortexa9_0/libsrc/cpu_cortexa9_v2_8/src'

"Running Make libs in ps7_cortexa9_0/libsrc/ddrps_v1_0/src"

make -C ps7_cortexa9_0/libsrc/ddrps_v1_0/src -s libs  "SHELL=CMD" "COMPILER=arm-none-eabi-gcc" "ASSEMBLER=arm-none-eabi-as" "AR
CHIVER=arm-none-eabi-ar" "COMPILER_FLAGS=  -O2 -c" "EXTRA_COMPILER_FLAGS=-mcpu=cortex-a9 -mfpu=vfpv3 -mfloat-abi=hard -nostartf
iles -g -Wall -Wextra"

make[2]: Entering directory 'D:/Y4/hardsoft/Lab/create_project_2019/Workspace.vitas/ZyboIPCreation_wrapper/zynq_fsbl/zynq_fsbl_
bsp/ps7_cortexa9_0/libsrc/ddrps_v1_0/src'

"Compiling ddrps"

make[2]: Leaving directory 'D:/Y4/hardsoft/Lab/create_project_2019/Workspace.vitas/ZyboIPCreation_wrapper/zynq_fsbl/zynq_fsbl_b
sp/ps7_cortexa9_0/libsrc/ddrps_v1_0/src'

"Running Make libs in ps7_cortexa9_0/libsrc/devcfg_v3_5/src"

make -C ps7_cortexa9_0/libsrc/devcfg_v3_5/src -s libs  "SHELL=CMD" "COMPILER=arm-none-eabi-gcc" "ASSEMBLER=arm-none-eabi-as" "A
RCHIVER=arm-none-eabi-ar" "COMPILER_FLAGS=  -O2 -c" "EXTRA_COMPILER_FLAGS=-mcpu=cortex-a9 -mfpu=vfpv3 -mfloat-abi=hard -nostart
files -g -Wall -Wextra"

make[2]: Entering directory 'D:/Y4/hardsoft/Lab/create_project_2019/Workspace.vitas/ZyboIPCreation_wrapper/zynq_fsbl/zynq_fsbl_
bsp/ps7_cortexa9_0/libsrc/devcfg_v3_5/src'

"Compiling devcfg"

make[2]: Leaving directory 'D:/Y4/hardsoft/Lab/create_project_2019/Workspace.vitas/ZyboIPCreation_wrapper/zynq_fsbl/zynq_fsbl_b
sp/ps7_cortexa9_0/libsrc/devcfg_v3_5/src'

"Running Make libs in ps7_cortexa9_0/libsrc/dmaps_v2_5/src"

make -C ps7_cortexa9_0/libsrc/dmaps_v2_5/src -s libs  "SHELL=CMD" "COMPILER=arm-none-eabi-gcc" "ASSEMBLER=arm-none-eabi-as" "AR
CHIVER=arm-none-eabi-ar" "COMPILER_FLAGS=  -O2 -c" "EXTRA_COMPILER_FLAGS=-mcpu=cortex-a9 -mfpu=vfpv3 -mfloat-abi=hard -nostartf
iles -g -Wall -Wextra"

make[2]: Entering directory 'D:/Y4/hardsoft/Lab/create_project_2019/Workspace.vitas/ZyboIPCreation_wrapper/zynq_fsbl/zynq_fsbl_
bsp/ps7_cortexa9_0/libsrc/dmaps_v2_5/src'

"Compiling dmaps"

make[2]: Leaving directory 'D:/Y4/hardsoft/Lab/create_project_2019/Workspace.vitas/ZyboIPCreation_wrapper/zynq_fsbl/zynq_fsbl_b
sp/ps7_cortexa9_0/libsrc/dmaps_v2_5/src'

"Running Make libs in ps7_cortexa9_0/libsrc/emacps_v3_10/src"

make -C ps7_cortexa9_0/libsrc/emacps_v3_10/src -s libs  "SHELL=CMD" "COMPILER=arm-none-eabi-gcc" "ASSEMBLER=arm-none-eabi-as" "
ARCHIVER=arm-none-eabi-ar" "COMPILER_FLAGS=  -O2 -c" "EXTRA_COMPILER_FLAGS=-mcpu=cortex-a9 -mfpu=vfpv3 -mfloat-abi=hard -nostar
tfiles -g -Wall -Wextra"

make[2]: Entering directory 'D:/Y4/hardsoft/Lab/create_project_2019/Workspace.vitas/ZyboIPCreation_wrapper/zynq_fsbl/zynq_fsbl_
bsp/ps7_cortexa9_0/libsrc/emacps_v3_10/src'

"Compiling emacps"

make[2]: Leaving directory 'D:/Y4/hardsoft/Lab/create_project_2019/Workspace.vitas/ZyboIPCreation_wrapper/zynq_fsbl/zynq_fsbl_b
sp/ps7_cortexa9_0/libsrc/emacps_v3_10/src'

"Running Make libs in ps7_cortexa9_0/libsrc/gpiops_v3_6/src"

make -C ps7_cortexa9_0/libsrc/gpiops_v3_6/src -s libs  "SHELL=CMD" "COMPILER=arm-none-eabi-gcc" "ASSEMBLER=arm-none-eabi-as" "A
RCHIVER=arm-none-eabi-ar" "COMPILER_FLAGS=  -O2 -c" "EXTRA_COMPILER_FLAGS=-mcpu=cortex-a9 -mfpu=vfpv3 -mfloat-abi=hard -nostart
files -g -Wall -Wextra"

make[2]: Entering directory 'D:/Y4/hardsoft/Lab/create_project_2019/Workspace.vitas/ZyboIPCreation_wrapper/zynq_fsbl/zynq_fsbl_
bsp/ps7_cortexa9_0/libsrc/gpiops_v3_6/src'

"Compiling gpiops"

make[2]: Leaving directory 'D:/Y4/hardsoft/Lab/create_project_2019/Workspace.vitas/ZyboIPCreation_wrapper/zynq_fsbl/zynq_fsbl_b
sp/ps7_cortexa9_0/libsrc/gpiops_v3_6/src'

"Running Make libs in ps7_cortexa9_0/libsrc/myGpio2_v1_0/src"

make -C ps7_cortexa9_0/libsrc/myGpio2_v1_0/src -s libs  "SHELL=CMD" "COMPILER=arm-none-eabi-gcc" "ASSEMBLER=arm-none-eabi-as" "
ARCHIVER=arm-none-eabi-ar" "COMPILER_FLAGS=  -O2 -c" "EXTRA_COMPILER_FLAGS=-mcpu=cortex-a9 -mfpu=vfpv3 -mfloat-abi=hard -nostar
tfiles -g -Wall -Wextra"

make[2]: Entering directory 'D:/Y4/hardsoft/Lab/create_project_2019/Workspace.vitas/ZyboIPCreation_wrapper/zynq_fsbl/zynq_fsbl_
bsp/ps7_cortexa9_0/libsrc/myGpio2_v1_0/src'

"Compiling myGpio2..."

myGpio2_selftest.c: In function 'MYGPIO2_Reg_SelfTest':
myGpio2_selftest.c:52:56: warning: comparison of integer expressions of different signedness: 'u32' {aka 'long unsigned int'} and 'int' [-Wsign-compare]
    if ( MYGPIO2_mReadReg (baseaddr, read_loop_index*4) != (read_loop_index+1)*READ_WRITE_MUL_FACTOR){
                                                        ^~
myGpio2_selftest.c:36:6: warning: unused variable 'Index' [-Wunused-variable]
  int Index;
      ^~~~~
make[3]: Entering directory 'D:/Y4/hardsoft/Lab/create_project_2019/Workspace.vitas/ZyboIPCreation_wrapper/zynq_fsbl/zynq_fsbl_
bsp/ps7_cortexa9_0/libsrc/myGpio2_v1_0/src'

make[3]: Leaving directory 'D:/Y4/hardsoft/Lab/create_project_2019/Workspace.vitas/ZyboIPCreation_wrapper/zynq_fsbl/zynq_fsbl_b
sp/ps7_cortexa9_0/libsrc/myGpio2_v1_0/src'

make[2]: Leaving directory 'D:/Y4/hardsoft/Lab/create_project_2019/Workspace.vitas/ZyboIPCreation_wrapper/zynq_fsbl/zynq_fsbl_b
sp/ps7_cortexa9_0/libsrc/myGpio2_v1_0/src'

"Running Make libs in ps7_cortexa9_0/libsrc/qspips_v3_6/src"

make -C ps7_cortexa9_0/libsrc/qspips_v3_6/src -s libs  "SHELL=CMD" "COMPILER=arm-none-eabi-gcc" "ASSEMBLER=arm-none-eabi-as" "A
RCHIVER=arm-none-eabi-ar" "COMPILER_FLAGS=  -O2 -c" "EXTRA_COMPILER_FLAGS=-mcpu=cortex-a9 -mfpu=vfpv3 -mfloat-abi=hard -nostart
files -g -Wall -Wextra"

make[2]: Entering directory 'D:/Y4/hardsoft/Lab/create_project_2019/Workspace.vitas/ZyboIPCreation_wrapper/zynq_fsbl/zynq_fsbl_
bsp/ps7_cortexa9_0/libsrc/qspips_v3_6/src'

"Compiling qspips"

make[2]: Leaving directory 'D:/Y4/hardsoft/Lab/create_project_2019/Workspace.vitas/ZyboIPCreation_wrapper/zynq_fsbl/zynq_fsbl_b
sp/ps7_cortexa9_0/libsrc/qspips_v3_6/src'

"Running Make libs in ps7_cortexa9_0/libsrc/scugic_v4_1/src"

make -C ps7_cortexa9_0/libsrc/scugic_v4_1/src -s libs  "SHELL=CMD" "COMPILER=arm-none-eabi-gcc" "ASSEMBLER=arm-none-eabi-as" "A
RCHIVER=arm-none-eabi-ar" "COMPILER_FLAGS=  -O2 -c" "EXTRA_COMPILER_FLAGS=-mcpu=cortex-a9 -mfpu=vfpv3 -mfloat-abi=hard -nostart
files -g -Wall -Wextra"

make[2]: Entering directory 'D:/Y4/hardsoft/Lab/create_project_2019/Workspace.vitas/ZyboIPCreation_wrapper/zynq_fsbl/zynq_fsbl_
bsp/ps7_cortexa9_0/libsrc/scugic_v4_1/src'

"Compiling scugic"

make[2]: Leaving directory 'D:/Y4/hardsoft/Lab/create_project_2019/Workspace.vitas/ZyboIPCreation_wrapper/zynq_fsbl/zynq_fsbl_b
sp/ps7_cortexa9_0/libsrc/scugic_v4_1/src'

"Running Make libs in ps7_cortexa9_0/libsrc/scutimer_v2_1/src"

make -C ps7_cortexa9_0/libsrc/scutimer_v2_1/src -s libs  "SHELL=CMD" "COMPILER=arm-none-eabi-gcc" "ASSEMBLER=arm-none-eabi-as" 
"ARCHIVER=arm-none-eabi-ar" "COMPILER_FLAGS=  -O2 -c" "EXTRA_COMPILER_FLAGS=-mcpu=cortex-a9 -mfpu=vfpv3 -mfloat-abi=hard -nosta
rtfiles -g -Wall -Wextra"

make[2]: Entering directory 'D:/Y4/hardsoft/Lab/create_project_2019/Workspace.vitas/ZyboIPCreation_wrapper/zynq_fsbl/zynq_fsbl_
bsp/ps7_cortexa9_0/libsrc/scutimer_v2_1/src'

"Compiling scutimer"

make[2]: Leaving directory 'D:/Y4/hardsoft/Lab/create_project_2019/Workspace.vitas/ZyboIPCreation_wrapper/zynq_fsbl/zynq_fsbl_b
sp/ps7_cortexa9_0/libsrc/scutimer_v2_1/src'

"Running Make libs in ps7_cortexa9_0/libsrc/scuwdt_v2_1/src"

make -C ps7_cortexa9_0/libsrc/scuwdt_v2_1/src -s libs  "SHELL=CMD" "COMPILER=arm-none-eabi-gcc" "ASSEMBLER=arm-none-eabi-as" "A
RCHIVER=arm-none-eabi-ar" "COMPILER_FLAGS=  -O2 -c" "EXTRA_COMPILER_FLAGS=-mcpu=cortex-a9 -mfpu=vfpv3 -mfloat-abi=hard -nostart
files -g -Wall -Wextra"

make[2]: Entering directory 'D:/Y4/hardsoft/Lab/create_project_2019/Workspace.vitas/ZyboIPCreation_wrapper/zynq_fsbl/zynq_fsbl_
bsp/ps7_cortexa9_0/libsrc/scuwdt_v2_1/src'

"Compiling scuwdt"

make[2]: Leaving directory 'D:/Y4/hardsoft/Lab/create_project_2019/Workspace.vitas/ZyboIPCreation_wrapper/zynq_fsbl/zynq_fsbl_b
sp/ps7_cortexa9_0/libsrc/scuwdt_v2_1/src'

"Running Make libs in ps7_cortexa9_0/libsrc/sdps_v3_8/src"

make -C ps7_cortexa9_0/libsrc/sdps_v3_8/src -s libs  "SHELL=CMD" "COMPILER=arm-none-eabi-gcc" "ASSEMBLER=arm-none-eabi-as" "ARC
HIVER=arm-none-eabi-ar" "COMPILER_FLAGS=  -O2 -c" "EXTRA_COMPILER_FLAGS=-mcpu=cortex-a9 -mfpu=vfpv3 -mfloat-abi=hard -nostartfi
les -g -Wall -Wextra"

make[2]: Entering directory 'D:/Y4/hardsoft/Lab/create_project_2019/Workspace.vitas/ZyboIPCreation_wrapper/zynq_fsbl/zynq_fsbl_
bsp/ps7_cortexa9_0/libsrc/sdps_v3_8/src'

"Compiling sdps"

make[2]: Leaving directory 'D:/Y4/hardsoft/Lab/create_project_2019/Workspace.vitas/ZyboIPCreation_wrapper/zynq_fsbl/zynq_fsbl_b
sp/ps7_cortexa9_0/libsrc/sdps_v3_8/src'

"Running Make libs in ps7_cortexa9_0/libsrc/standalone_v7_1/src"

make -C ps7_cortexa9_0/libsrc/standalone_v7_1/src -s libs  "SHELL=CMD" "COMPILER=arm-none-eabi-gcc" "ASSEMBLER=arm-none-eabi-as
" "ARCHIVER=arm-none-eabi-ar" "COMPILER_FLAGS=  -O2 -c" "EXTRA_COMPILER_FLAGS=-mcpu=cortex-a9 -mfpu=vfpv3 -mfloat-abi=hard -nos
tartfiles -g -Wall -Wextra"

make[2]: Entering directory 'D:/Y4/hardsoft/Lab/create_project_2019/Workspace.vitas/ZyboIPCreation_wrapper/zynq_fsbl/zynq_fsbl_
bsp/ps7_cortexa9_0/libsrc/standalone_v7_1/src'

"Compiling standalone"

In file included from usleep.c:54:
xtime_l.h:85:9: note: #pragma message: For the sleep routines, Global timer is being used
 #pragma message ("For the sleep routines, Global timer is being used")
         ^~~~~~~
In file included from sleep.c:51:
xtime_l.h:85:9: note: #pragma message: For the sleep routines, Global timer is being used
 #pragma message ("For the sleep routines, Global timer is being used")
         ^~~~~~~
In file included from xil_sleeptimer.c:52:
xtime_l.h:85:9: note: #pragma message: For the sleep routines, Global timer is being used
 #pragma message ("For the sleep routines, Global timer is being used")
         ^~~~~~~
In file included from xtime_l.c:47:
xtime_l.h:85:9: note: #pragma message: For the sleep routines, Global timer is being used
 #pragma message ("For the sleep routines, Global timer is being used")
         ^~~~~~~
make[2]: Leaving directory 'D:/Y4/hardsoft/Lab/create_project_2019/Workspace.vitas/ZyboIPCreation_wrapper/zynq_fsbl/zynq_fsbl_b
sp/ps7_cortexa9_0/libsrc/standalone_v7_1/src'

"Running Make libs in ps7_cortexa9_0/libsrc/ttcps_v3_10/src"

make -C ps7_cortexa9_0/libsrc/ttcps_v3_10/src -s libs  "SHELL=CMD" "COMPILER=arm-none-eabi-gcc" "ASSEMBLER=arm-none-eabi-as" "A
RCHIVER=arm-none-eabi-ar" "COMPILER_FLAGS=  -O2 -c" "EXTRA_COMPILER_FLAGS=-mcpu=cortex-a9 -mfpu=vfpv3 -mfloat-abi=hard -nostart
files -g -Wall -Wextra"

make[2]: Entering directory 'D:/Y4/hardsoft/Lab/create_project_2019/Workspace.vitas/ZyboIPCreation_wrapper/zynq_fsbl/zynq_fsbl_
bsp/ps7_cortexa9_0/libsrc/ttcps_v3_10/src'

"Compiling ttcps"

make[2]: Leaving directory 'D:/Y4/hardsoft/Lab/create_project_2019/Workspace.vitas/ZyboIPCreation_wrapper/zynq_fsbl/zynq_fsbl_b
sp/ps7_cortexa9_0/libsrc/ttcps_v3_10/src'

"Running Make libs in ps7_cortexa9_0/libsrc/uartps_v3_8/src"

make -C ps7_cortexa9_0/libsrc/uartps_v3_8/src -s libs  "SHELL=CMD" "COMPILER=arm-none-eabi-gcc" "ASSEMBLER=arm-none-eabi-as" "A
RCHIVER=arm-none-eabi-ar" "COMPILER_FLAGS=  -O2 -c" "EXTRA_COMPILER_FLAGS=-mcpu=cortex-a9 -mfpu=vfpv3 -mfloat-abi=hard -nostart
files -g -Wall -Wextra"

make[2]: Entering directory 'D:/Y4/hardsoft/Lab/create_project_2019/Workspace.vitas/ZyboIPCreation_wrapper/zynq_fsbl/zynq_fsbl_
bsp/ps7_cortexa9_0/libsrc/uartps_v3_8/src'

"Compiling uartps"

Command canceled

14:08:15 Build Cancelled (took 32s.679ms)

