14:07:22 **** Clean-only build of project ZyboIPCreation_wrapper_1 ****
buildplatform.bat 52130 ZyboIPCreation_wrapper_1 clean 
XSDB Server Channel: tcfchan#10
Reading the platform  : "ZyboIPCreation_wrapper_1"
Cleaning the zynq_fsbl application.
rm -rf  sd.o  nand.o  image_mover.o  md5.o  fsbl_hooks.o  main.o  nor.o  qspi.o  rsa.o  ps7_init.o  pcap.o  fsbl_handoff.o zynq
_fsbl_bsp/ps7_cortexa9_0/lib/libxil.a executable.elf *.o

Cleaning the zynq_fsbl application, bsp
make -C ps7_cortexa9_0/libsrc/coresightps_dcc_v1_6/src -s clean 

make -C ps7_cortexa9_0/libsrc/cpu_cortexa9_v2_8/src -s clean 

make -C ps7_cortexa9_0/libsrc/ddrps_v1_0/src -s clean 

make -C ps7_cortexa9_0/libsrc/devcfg_v3_5/src -s clean 

make -C ps7_cortexa9_0/libsrc/dmaps_v2_5/src -s clean 

make -C ps7_cortexa9_0/libsrc/emacps_v3_10/src -s clean 

make -C ps7_cortexa9_0/libsrc/gpiops_v3_6/src -s clean 

make -C ps7_cortexa9_0/libsrc/myGpio2_v1_0/src -s clean 

rm: cannot lstat `*.o': Invalid argument
make[1]: *** [Makefile:26: clean] Error 1
make: *** [Makefile:33: ps7_cortexa9_0/libsrc/myGpio2_v1_0/src/make.clean] Error 2
Failed to do platform clean.
    invoked from within
"::tcf::eval -progress {apply {{msg} {puts $msg}}} {tcf_send_command tcfchan#0 xsdb eval s es {{platform active ZyboIPCreation_wrapper_1; platform clean}}}"
    (procedure "::tcf::send_command" line 4)
    invoked from within
"tcf send_command $::xsdb::curchan xsdb eval s es [list "platform active $PLATFORM_NAME; platform clean"]"
    invoked from within
"if { $iswindows == 1 } {    

    set XSDB_PORT [lindex $argv 0]
    set PLATFORM_NAME [lindex $argv 1]
    set arglen [llength $argv]
    set lastind..."
    (file "E:/Xilinx/Vitis/2019.2\scripts\vitis\util\buildplatform.tcl" line 11)

14:07:31 Build Finished (took 8s.729ms)

