Copyright 1986-2019 Xilinx, Inc. All Rights Reserved.
------------------------------------------------------------------------------------
| Tool Version : Vivado v.2019.2 (win64) Build 2708876 Wed Nov  6 21:40:23 MST 2019
| Date         : Fri Mar 19 16:16:42 2021
| Host         : DESKTOP-5DA4G9P running 64-bit major release  (build 9200)
| Command      : upgrade_ip
| Device       : xc7z010clg400-1
------------------------------------------------------------------------------------

Upgrade Log for IP 'IPCreation_MyGPIO_0_1'

1. Summary
----------

SUCCESS in the upgrade of IPCreation_MyGPIO_0_1 (xilinx.com:user:MyGPIO:1.0) from (Rev. 2) to (Rev. 6)






Copyright 1986-2019 Xilinx, Inc. All Rights Reserved.
------------------------------------------------------------------------------------
| Tool Version : Vivado v.2019.2 (win64) Build 2708876 Wed Nov  6 21:40:23 MST 2019
| Date         : Mon Mar 15 21:25:18 2021
| Host         : DESKTOP-5DA4G9P running 64-bit major release  (build 9200)
| Command      : upgrade_ip
| Device       : xc7z010clg400-1
------------------------------------------------------------------------------------

Upgrade Log for IP 'IPCreation_MyGPIO_0_1'

1. Summary
----------

SUCCESS in the upgrade of IPCreation_MyGPIO_0_1 (xilinx.com:user:MyGPIO:1.0) from (Rev. 1) to (Rev. 2)

