
*** Running vivado
    with args -log ZyboIPCreation_myGpio2_0_1.vds -m64 -product Vivado -mode batch -messageDb vivado.pb -notrace -source ZyboIPCreation_myGpio2_0_1.tcl


****** Vivado v2019.2 (64-bit)
  **** SW Build 2708876 on Wed Nov  6 21:40:23 MST 2019
  **** IP Build 2700528 on Thu Nov  7 00:09:20 MST 2019
    ** Copyright 1986-2019 Xilinx, Inc. All Rights Reserved.

Sourcing tcl script 'C:/Users/hodac/AppData/Roaming/Xilinx/Vivado/Vivado_init.tcl'
source ZyboIPCreation_myGpio2_0_1.tcl -notrace
INFO: [IP_Flow 19-234] Refreshing IP repositories
INFO: [IP_Flow 19-1700] Loaded user IP repository 'd:/Y4/hardsoft/Lab/ip_repo/myGpio2_1.0'.
INFO: [IP_Flow 19-2313] Loaded Vivado IP repository 'E:/Xilinx/Vivado/2019.2/data/ip'.
Command: synth_design -top ZyboIPCreation_myGpio2_0_1 -part xc7z010clg400-1 -mode out_of_context
Starting synth_design
Attempting to get a license for feature 'Synthesis' and/or device 'xc7z010'
INFO: [Common 17-349] Got license for feature 'Synthesis' and/or device 'xc7z010'
INFO: [Device 21-403] Loading part xc7z010clg400-1
INFO: Launching helper process for spawning children vivado processes
INFO: Helper process launched with PID 17852 
---------------------------------------------------------------------------------
Starting RTL Elaboration : Time (s): cpu = 00:00:05 ; elapsed = 00:00:06 . Memory (MB): peak = 928.012 ; gain = 235.465
---------------------------------------------------------------------------------
INFO: [Synth 8-638] synthesizing module 'ZyboIPCreation_myGpio2_0_1' [d:/Y4/hardsoft/Lab/project_1_interrupt/project_1_interrupt.srcs/sources_1/bd/ZyboIPCreation/ip/ZyboIPCreation_myGpio2_0_1/synth/ZyboIPCreation_myGpio2_0_1.vhd:86]
	Parameter C_GPIO_WIDTH bound to: 12 - type: integer 
	Parameter INTERRUPT_EN bound to: 1 - type: integer 
	Parameter INDEX_REG bound to: 11 - type: integer 
	Parameter INTERRUPT_SENSITIVITY bound to: 0 - type: integer 
	Parameter C_S00_AXI_DATA_WIDTH bound to: 32 - type: integer 
	Parameter C_S00_AXI_ADDR_WIDTH bound to: 5 - type: integer 
INFO: [Synth 8-3491] module 'myGpio2_v1_0' declared at 'd:/Y4/hardsoft/Lab/project_1_interrupt/project_1_interrupt.srcs/sources_1/bd/ZyboIPCreation/ipshared/50fd/hdl/myGpio2_v1_0.vhd:5' bound to instance 'U0' of component 'myGpio2_v1_0' [d:/Y4/hardsoft/Lab/project_1_interrupt/project_1_interrupt.srcs/sources_1/bd/ZyboIPCreation/ip/ZyboIPCreation_myGpio2_0_1/synth/ZyboIPCreation_myGpio2_0_1.vhd:165]
INFO: [Synth 8-638] synthesizing module 'myGpio2_v1_0' [d:/Y4/hardsoft/Lab/project_1_interrupt/project_1_interrupt.srcs/sources_1/bd/ZyboIPCreation/ipshared/50fd/hdl/myGpio2_v1_0.vhd:59]
	Parameter C_GPIO_WIDTH bound to: 12 - type: integer 
	Parameter INTERRUPT_EN bound to: 1 - type: integer 
	Parameter INDEX_REG bound to: 11 - type: integer 
	Parameter INTERRUPT_SENSITIVITY bound to: 0 - type: integer 
	Parameter C_S00_AXI_DATA_WIDTH bound to: 32 - type: integer 
	Parameter C_S00_AXI_ADDR_WIDTH bound to: 5 - type: integer 
INFO: [Synth 8-638] synthesizing module 'myGpio2_v1_0_S00_AXI' [d:/Y4/hardsoft/Lab/project_1_interrupt/project_1_interrupt.srcs/sources_1/bd/ZyboIPCreation/ipshared/50fd/hdl/myGpio2_v1_0_S00_AXI.vhd:96]
	Parameter C_GPIO_WIDTH bound to: 12 - type: integer 
	Parameter INTERRUPT_EN bound to: 1 - type: integer 
	Parameter INDEX_REG bound to: 11 - type: integer 
	Parameter INTERRUPT_SENSITIVITY bound to: 0 - type: integer 
	Parameter C_S_AXI_DATA_WIDTH bound to: 32 - type: integer 
	Parameter C_S_AXI_ADDR_WIDTH bound to: 5 - type: integer 
WARNING: [Synth 8-6044] Case expression and choice expression width mismatch, Case expression is 3 wide and choice expression is 4 wide [d:/Y4/hardsoft/Lab/project_1_interrupt/project_1_interrupt.srcs/sources_1/bd/ZyboIPCreation/ipshared/50fd/hdl/myGpio2_v1_0_S00_AXI.vhd:252]
WARNING: [Synth 8-6044] Case expression and choice expression width mismatch, Case expression is 3 wide and choice expression is 4 wide [d:/Y4/hardsoft/Lab/project_1_interrupt/project_1_interrupt.srcs/sources_1/bd/ZyboIPCreation/ipshared/50fd/hdl/myGpio2_v1_0_S00_AXI.vhd:260]
WARNING: [Synth 8-6044] Case expression and choice expression width mismatch, Case expression is 3 wide and choice expression is 4 wide [d:/Y4/hardsoft/Lab/project_1_interrupt/project_1_interrupt.srcs/sources_1/bd/ZyboIPCreation/ipshared/50fd/hdl/myGpio2_v1_0_S00_AXI.vhd:261]
WARNING: [Synth 8-6044] Case expression and choice expression width mismatch, Case expression is 3 wide and choice expression is 4 wide [d:/Y4/hardsoft/Lab/project_1_interrupt/project_1_interrupt.srcs/sources_1/bd/ZyboIPCreation/ipshared/50fd/hdl/myGpio2_v1_0_S00_AXI.vhd:269]
WARNING: [Synth 8-6044] Case expression and choice expression width mismatch, Case expression is 3 wide and choice expression is 4 wide [d:/Y4/hardsoft/Lab/project_1_interrupt/project_1_interrupt.srcs/sources_1/bd/ZyboIPCreation/ipshared/50fd/hdl/myGpio2_v1_0_S00_AXI.vhd:278]
WARNING: [Synth 8-6044] Case expression and choice expression width mismatch, Case expression is 3 wide and choice expression is 4 wide [d:/Y4/hardsoft/Lab/project_1_interrupt/project_1_interrupt.srcs/sources_1/bd/ZyboIPCreation/ipshared/50fd/hdl/myGpio2_v1_0_S00_AXI.vhd:288]
WARNING: [Synth 8-6044] Case expression and choice expression width mismatch, Case expression is 3 wide and choice expression is 4 wide [d:/Y4/hardsoft/Lab/project_1_interrupt/project_1_interrupt.srcs/sources_1/bd/ZyboIPCreation/ipshared/50fd/hdl/myGpio2_v1_0_S00_AXI.vhd:297]
WARNING: [Synth 8-6044] Case expression and choice expression width mismatch, Case expression is 3 wide and choice expression is 4 wide [d:/Y4/hardsoft/Lab/project_1_interrupt/project_1_interrupt.srcs/sources_1/bd/ZyboIPCreation/ipshared/50fd/hdl/myGpio2_v1_0_S00_AXI.vhd:305]
WARNING: [Synth 8-6044] Case expression and choice expression width mismatch, Case expression is 3 wide and choice expression is 4 wide [d:/Y4/hardsoft/Lab/project_1_interrupt/project_1_interrupt.srcs/sources_1/bd/ZyboIPCreation/ipshared/50fd/hdl/myGpio2_v1_0_S00_AXI.vhd:314]
WARNING: [Synth 8-153] case item 4'b1000 will never be executed [d:/Y4/hardsoft/Lab/project_1_interrupt/project_1_interrupt.srcs/sources_1/bd/ZyboIPCreation/ipshared/50fd/hdl/myGpio2_v1_0_S00_AXI.vhd:251]
INFO: [Synth 8-226] default block is never used [d:/Y4/hardsoft/Lab/project_1_interrupt/project_1_interrupt.srcs/sources_1/bd/ZyboIPCreation/ipshared/50fd/hdl/myGpio2_v1_0_S00_AXI.vhd:251]
WARNING: [Synth 8-6044] Case expression and choice expression width mismatch, Case expression is 3 wide and choice expression is 4 wide [d:/Y4/hardsoft/Lab/project_1_interrupt/project_1_interrupt.srcs/sources_1/bd/ZyboIPCreation/ipshared/50fd/hdl/myGpio2_v1_0_S00_AXI.vhd:418]
WARNING: [Synth 8-6044] Case expression and choice expression width mismatch, Case expression is 3 wide and choice expression is 4 wide [d:/Y4/hardsoft/Lab/project_1_interrupt/project_1_interrupt.srcs/sources_1/bd/ZyboIPCreation/ipshared/50fd/hdl/myGpio2_v1_0_S00_AXI.vhd:420]
WARNING: [Synth 8-6044] Case expression and choice expression width mismatch, Case expression is 3 wide and choice expression is 4 wide [d:/Y4/hardsoft/Lab/project_1_interrupt/project_1_interrupt.srcs/sources_1/bd/ZyboIPCreation/ipshared/50fd/hdl/myGpio2_v1_0_S00_AXI.vhd:422]
WARNING: [Synth 8-6044] Case expression and choice expression width mismatch, Case expression is 3 wide and choice expression is 4 wide [d:/Y4/hardsoft/Lab/project_1_interrupt/project_1_interrupt.srcs/sources_1/bd/ZyboIPCreation/ipshared/50fd/hdl/myGpio2_v1_0_S00_AXI.vhd:424]
WARNING: [Synth 8-6044] Case expression and choice expression width mismatch, Case expression is 3 wide and choice expression is 4 wide [d:/Y4/hardsoft/Lab/project_1_interrupt/project_1_interrupt.srcs/sources_1/bd/ZyboIPCreation/ipshared/50fd/hdl/myGpio2_v1_0_S00_AXI.vhd:426]
WARNING: [Synth 8-6044] Case expression and choice expression width mismatch, Case expression is 3 wide and choice expression is 4 wide [d:/Y4/hardsoft/Lab/project_1_interrupt/project_1_interrupt.srcs/sources_1/bd/ZyboIPCreation/ipshared/50fd/hdl/myGpio2_v1_0_S00_AXI.vhd:428]
WARNING: [Synth 8-6044] Case expression and choice expression width mismatch, Case expression is 3 wide and choice expression is 4 wide [d:/Y4/hardsoft/Lab/project_1_interrupt/project_1_interrupt.srcs/sources_1/bd/ZyboIPCreation/ipshared/50fd/hdl/myGpio2_v1_0_S00_AXI.vhd:430]
WARNING: [Synth 8-6044] Case expression and choice expression width mismatch, Case expression is 3 wide and choice expression is 4 wide [d:/Y4/hardsoft/Lab/project_1_interrupt/project_1_interrupt.srcs/sources_1/bd/ZyboIPCreation/ipshared/50fd/hdl/myGpio2_v1_0_S00_AXI.vhd:432]
WARNING: [Synth 8-6044] Case expression and choice expression width mismatch, Case expression is 3 wide and choice expression is 4 wide [d:/Y4/hardsoft/Lab/project_1_interrupt/project_1_interrupt.srcs/sources_1/bd/ZyboIPCreation/ipshared/50fd/hdl/myGpio2_v1_0_S00_AXI.vhd:434]
WARNING: [Synth 8-153] case item 4'b1000 will never be executed [d:/Y4/hardsoft/Lab/project_1_interrupt/project_1_interrupt.srcs/sources_1/bd/ZyboIPCreation/ipshared/50fd/hdl/myGpio2_v1_0_S00_AXI.vhd:417]
INFO: [Synth 8-226] default block is never used [d:/Y4/hardsoft/Lab/project_1_interrupt/project_1_interrupt.srcs/sources_1/bd/ZyboIPCreation/ipshared/50fd/hdl/myGpio2_v1_0_S00_AXI.vhd:417]
WARNING: [Synth 8-614] signal 'int_pin' is read in the process but is not in the sensitivity list [d:/Y4/hardsoft/Lab/project_1_interrupt/project_1_interrupt.srcs/sources_1/bd/ZyboIPCreation/ipshared/50fd/hdl/myGpio2_v1_0_S00_AXI.vhd:411]
WARNING: [Synth 8-614] signal 'int_sensi' is read in the process but is not in the sensitivity list [d:/Y4/hardsoft/Lab/project_1_interrupt/project_1_interrupt.srcs/sources_1/bd/ZyboIPCreation/ipshared/50fd/hdl/myGpio2_v1_0_S00_AXI.vhd:411]
WARNING: [Synth 8-614] signal 'int_pin' is read in the process but is not in the sensitivity list [d:/Y4/hardsoft/Lab/project_1_interrupt/project_1_interrupt.srcs/sources_1/bd/ZyboIPCreation/ipshared/50fd/hdl/myGpio2_v1_0_S00_AXI.vhd:484]
WARNING: [Synth 8-614] signal 'int_en' is read in the process but is not in the sensitivity list [d:/Y4/hardsoft/Lab/project_1_interrupt/project_1_interrupt.srcs/sources_1/bd/ZyboIPCreation/ipshared/50fd/hdl/myGpio2_v1_0_S00_AXI.vhd:484]
WARNING: [Synth 8-614] signal 'int_sensi' is read in the process but is not in the sensitivity list [d:/Y4/hardsoft/Lab/project_1_interrupt/project_1_interrupt.srcs/sources_1/bd/ZyboIPCreation/ipshared/50fd/hdl/myGpio2_v1_0_S00_AXI.vhd:484]
WARNING: [Synth 8-614] signal 'pdir_reg' is read in the process but is not in the sensitivity list [d:/Y4/hardsoft/Lab/project_1_interrupt/project_1_interrupt.srcs/sources_1/bd/ZyboIPCreation/ipshared/50fd/hdl/myGpio2_v1_0_S00_AXI.vhd:484]
WARNING: [Synth 8-6014] Unused sequential element psor_reg_reg was removed.  [d:/Y4/hardsoft/Lab/project_1_interrupt/project_1_interrupt.srcs/sources_1/bd/ZyboIPCreation/ipshared/50fd/hdl/myGpio2_v1_0_S00_AXI.vhd:245]
WARNING: [Synth 8-6014] Unused sequential element pcor_reg_reg was removed.  [d:/Y4/hardsoft/Lab/project_1_interrupt/project_1_interrupt.srcs/sources_1/bd/ZyboIPCreation/ipshared/50fd/hdl/myGpio2_v1_0_S00_AXI.vhd:246]
WARNING: [Synth 8-6014] Unused sequential element ptor_reg_reg was removed.  [d:/Y4/hardsoft/Lab/project_1_interrupt/project_1_interrupt.srcs/sources_1/bd/ZyboIPCreation/ipshared/50fd/hdl/myGpio2_v1_0_S00_AXI.vhd:247]
WARNING: [Synth 8-6014] Unused sequential element loc_addr_reg was removed.  [d:/Y4/hardsoft/Lab/project_1_interrupt/project_1_interrupt.srcs/sources_1/bd/ZyboIPCreation/ipshared/50fd/hdl/myGpio2_v1_0_S00_AXI.vhd:249]
WARNING: [Synth 8-6014] Unused sequential element IRQ_reg was removed.  [d:/Y4/hardsoft/Lab/project_1_interrupt/project_1_interrupt.srcs/sources_1/bd/ZyboIPCreation/ipshared/50fd/hdl/myGpio2_v1_0_S00_AXI.vhd:491]
INFO: [Synth 8-256] done synthesizing module 'myGpio2_v1_0_S00_AXI' (1#1) [d:/Y4/hardsoft/Lab/project_1_interrupt/project_1_interrupt.srcs/sources_1/bd/ZyboIPCreation/ipshared/50fd/hdl/myGpio2_v1_0_S00_AXI.vhd:96]
INFO: [Synth 8-256] done synthesizing module 'myGpio2_v1_0' (2#1) [d:/Y4/hardsoft/Lab/project_1_interrupt/project_1_interrupt.srcs/sources_1/bd/ZyboIPCreation/ipshared/50fd/hdl/myGpio2_v1_0.vhd:59]
INFO: [Synth 8-256] done synthesizing module 'ZyboIPCreation_myGpio2_0_1' (3#1) [d:/Y4/hardsoft/Lab/project_1_interrupt/project_1_interrupt.srcs/sources_1/bd/ZyboIPCreation/ip/ZyboIPCreation_myGpio2_0_1/synth/ZyboIPCreation_myGpio2_0_1.vhd:86]
WARNING: [Synth 8-3331] design myGpio2_v1_0_S00_AXI has unconnected port S_AXI_AWPROT[2]
WARNING: [Synth 8-3331] design myGpio2_v1_0_S00_AXI has unconnected port S_AXI_AWPROT[1]
WARNING: [Synth 8-3331] design myGpio2_v1_0_S00_AXI has unconnected port S_AXI_AWPROT[0]
WARNING: [Synth 8-3331] design myGpio2_v1_0_S00_AXI has unconnected port S_AXI_ARPROT[2]
WARNING: [Synth 8-3331] design myGpio2_v1_0_S00_AXI has unconnected port S_AXI_ARPROT[1]
WARNING: [Synth 8-3331] design myGpio2_v1_0_S00_AXI has unconnected port S_AXI_ARPROT[0]
---------------------------------------------------------------------------------
Finished RTL Elaboration : Time (s): cpu = 00:00:07 ; elapsed = 00:00:08 . Memory (MB): peak = 1002.617 ; gain = 310.070
---------------------------------------------------------------------------------

Report Check Netlist: 
+------+------------------+-------+---------+-------+------------------+
|      |Item              |Errors |Warnings |Status |Description       |
+------+------------------+-------+---------+-------+------------------+
|1     |multi_driven_nets |      0|        0|Passed |Multi driven nets |
+------+------------------+-------+---------+-------+------------------+
---------------------------------------------------------------------------------
Start Handling Custom Attributes
---------------------------------------------------------------------------------
---------------------------------------------------------------------------------
Finished Handling Custom Attributes : Time (s): cpu = 00:00:09 ; elapsed = 00:00:10 . Memory (MB): peak = 1002.617 ; gain = 310.070
---------------------------------------------------------------------------------
---------------------------------------------------------------------------------
Finished RTL Optimization Phase 1 : Time (s): cpu = 00:00:09 ; elapsed = 00:00:10 . Memory (MB): peak = 1002.617 ; gain = 310.070
---------------------------------------------------------------------------------
Netlist sorting complete. Time (s): cpu = 00:00:00 ; elapsed = 00:00:00.024 . Memory (MB): peak = 1002.617 ; gain = 0.000
INFO: [Project 1-570] Preparing netlist for logic optimization

Processing XDC Constraints
Initializing timing engine
Completed Processing XDC Constraints

Netlist sorting complete. Time (s): cpu = 00:00:00 ; elapsed = 00:00:00.001 . Memory (MB): peak = 1086.812 ; gain = 0.000
INFO: [Project 1-111] Unisim Transformation Summary:
No Unisim elements were transformed.

WARNING: [Constraints 18-5210] No constraints selected for write.
Resolution: This message can indicate that there are no constraints for the design, or it can indicate that the used_in flags are set such that the constraints are ignored. This later case is used when running synth_design to not write synthesis constraints to the resulting checkpoint. Instead, project constraints are read when the synthesized design is opened.
Constraint Validation Runtime : Time (s): cpu = 00:00:00 ; elapsed = 00:00:00.173 . Memory (MB): peak = 1088.812 ; gain = 2.000
---------------------------------------------------------------------------------
Finished Constraint Validation : Time (s): cpu = 00:00:18 ; elapsed = 00:00:20 . Memory (MB): peak = 1088.812 ; gain = 396.266
---------------------------------------------------------------------------------
---------------------------------------------------------------------------------
Start Loading Part and Timing Information
---------------------------------------------------------------------------------
Loading part: xc7z010clg400-1
---------------------------------------------------------------------------------
Finished Loading Part and Timing Information : Time (s): cpu = 00:00:18 ; elapsed = 00:00:20 . Memory (MB): peak = 1088.812 ; gain = 396.266
---------------------------------------------------------------------------------
---------------------------------------------------------------------------------
Start Applying 'set_property' XDC Constraints
---------------------------------------------------------------------------------
---------------------------------------------------------------------------------
Finished applying 'set_property' XDC Constraints : Time (s): cpu = 00:00:18 ; elapsed = 00:00:20 . Memory (MB): peak = 1088.812 ; gain = 396.266
---------------------------------------------------------------------------------
---------------------------------------------------------------------------------
Finished RTL Optimization Phase 2 : Time (s): cpu = 00:00:19 ; elapsed = 00:00:21 . Memory (MB): peak = 1088.812 ; gain = 396.266
---------------------------------------------------------------------------------

Report RTL Partitions: 
+-+--------------+------------+----------+
| |RTL Partition |Replication |Instances |
+-+--------------+------------+----------+
+-+--------------+------------+----------+
---------------------------------------------------------------------------------
Start RTL Component Statistics 
---------------------------------------------------------------------------------
Detailed RTL Component Info : 
+---XORs : 
	   2 Input      8 Bit         XORs := 4     
+---Registers : 
	               32 Bit    Registers := 6     
	               12 Bit    Registers := 1     
	                5 Bit    Registers := 2     
	                2 Bit    Registers := 2     
	                1 Bit    Registers := 6     
+---Muxes : 
	   2 Input     32 Bit        Muxes := 6     
	   8 Input     32 Bit        Muxes := 4     
	   2 Input      1 Bit        Muxes := 6     
	   4 Input      1 Bit        Muxes := 1     
---------------------------------------------------------------------------------
Finished RTL Component Statistics 
---------------------------------------------------------------------------------
---------------------------------------------------------------------------------
Start RTL Hierarchical Component Statistics 
---------------------------------------------------------------------------------
Hierarchical RTL Component report 
Module myGpio2_v1_0_S00_AXI 
Detailed RTL Component Info : 
+---XORs : 
	   2 Input      8 Bit         XORs := 4     
+---Registers : 
	               32 Bit    Registers := 6     
	               12 Bit    Registers := 1     
	                5 Bit    Registers := 2     
	                2 Bit    Registers := 2     
	                1 Bit    Registers := 6     
+---Muxes : 
	   2 Input     32 Bit        Muxes := 6     
	   8 Input     32 Bit        Muxes := 4     
	   2 Input      1 Bit        Muxes := 6     
	   4 Input      1 Bit        Muxes := 1     
---------------------------------------------------------------------------------
Finished RTL Hierarchical Component Statistics
---------------------------------------------------------------------------------
---------------------------------------------------------------------------------
Start Part Resource Summary
---------------------------------------------------------------------------------
Part Resources:
DSPs: 80 (col length:40)
BRAMs: 120 (col length: RAMB18 40 RAMB36 20)
---------------------------------------------------------------------------------
Finished Part Resource Summary
---------------------------------------------------------------------------------
---------------------------------------------------------------------------------
Start Cross Boundary and Area Optimization
---------------------------------------------------------------------------------
Warning: Parallel synthesis criteria is not met 
WARNING: [Synth 8-3331] design ZyboIPCreation_myGpio2_0_1 has unconnected port s00_axi_awprot[2]
WARNING: [Synth 8-3331] design ZyboIPCreation_myGpio2_0_1 has unconnected port s00_axi_awprot[1]
WARNING: [Synth 8-3331] design ZyboIPCreation_myGpio2_0_1 has unconnected port s00_axi_awprot[0]
WARNING: [Synth 8-3331] design ZyboIPCreation_myGpio2_0_1 has unconnected port s00_axi_arprot[2]
WARNING: [Synth 8-3331] design ZyboIPCreation_myGpio2_0_1 has unconnected port s00_axi_arprot[1]
WARNING: [Synth 8-3331] design ZyboIPCreation_myGpio2_0_1 has unconnected port s00_axi_arprot[0]
INFO: [Synth 8-3886] merging instance 'U0/myGpio2_v1_0_S00_AXI_inst/axi_rresp_reg[0]' (FDRE) to 'U0/myGpio2_v1_0_S00_AXI_inst/axi_rresp_reg[1]'
INFO: [Synth 8-3333] propagating constant 0 across sequential element (\U0/myGpio2_v1_0_S00_AXI_inst/axi_rresp_reg[1] )
INFO: [Synth 8-3886] merging instance 'U0/myGpio2_v1_0_S00_AXI_inst/axi_bresp_reg[0]' (FDRE) to 'U0/myGpio2_v1_0_S00_AXI_inst/axi_bresp_reg[1]'
INFO: [Synth 8-3333] propagating constant 0 across sequential element (\U0/myGpio2_v1_0_S00_AXI_inst/axi_bresp_reg[1] )
INFO: [Synth 8-3333] propagating constant 0 across sequential element (\U0/myGpio2_v1_0_S00_AXI_inst/pdir_reg_reg[31] )
INFO: [Synth 8-3333] propagating constant 0 across sequential element (\U0/myGpio2_v1_0_S00_AXI_inst/pdir_reg_reg[30] )
INFO: [Synth 8-3333] propagating constant 0 across sequential element (\U0/myGpio2_v1_0_S00_AXI_inst/pdir_reg_reg[29] )
INFO: [Synth 8-3333] propagating constant 0 across sequential element (\U0/myGpio2_v1_0_S00_AXI_inst/pdir_reg_reg[28] )
INFO: [Synth 8-3333] propagating constant 0 across sequential element (\U0/myGpio2_v1_0_S00_AXI_inst/pdir_reg_reg[27] )
INFO: [Synth 8-3333] propagating constant 0 across sequential element (\U0/myGpio2_v1_0_S00_AXI_inst/pdir_reg_reg[26] )
INFO: [Synth 8-3333] propagating constant 0 across sequential element (\U0/myGpio2_v1_0_S00_AXI_inst/pdir_reg_reg[25] )
INFO: [Synth 8-3333] propagating constant 0 across sequential element (\U0/myGpio2_v1_0_S00_AXI_inst/pdir_reg_reg[24] )
INFO: [Synth 8-3333] propagating constant 0 across sequential element (\U0/myGpio2_v1_0_S00_AXI_inst/pdir_reg_reg[23] )
INFO: [Synth 8-3333] propagating constant 0 across sequential element (\U0/myGpio2_v1_0_S00_AXI_inst/pdir_reg_reg[22] )
INFO: [Synth 8-3333] propagating constant 0 across sequential element (\U0/myGpio2_v1_0_S00_AXI_inst/pdir_reg_reg[21] )
INFO: [Synth 8-3333] propagating constant 0 across sequential element (\U0/myGpio2_v1_0_S00_AXI_inst/pdir_reg_reg[20] )
INFO: [Synth 8-3333] propagating constant 0 across sequential element (\U0/myGpio2_v1_0_S00_AXI_inst/pdir_reg_reg[19] )
INFO: [Synth 8-3333] propagating constant 0 across sequential element (\U0/myGpio2_v1_0_S00_AXI_inst/pdir_reg_reg[18] )
INFO: [Synth 8-3333] propagating constant 0 across sequential element (\U0/myGpio2_v1_0_S00_AXI_inst/pdir_reg_reg[17] )
INFO: [Synth 8-3333] propagating constant 0 across sequential element (\U0/myGpio2_v1_0_S00_AXI_inst/pdir_reg_reg[16] )
INFO: [Synth 8-3333] propagating constant 0 across sequential element (\U0/myGpio2_v1_0_S00_AXI_inst/pdir_reg_reg[15] )
INFO: [Synth 8-3333] propagating constant 0 across sequential element (\U0/myGpio2_v1_0_S00_AXI_inst/pdir_reg_reg[14] )
INFO: [Synth 8-3333] propagating constant 0 across sequential element (\U0/myGpio2_v1_0_S00_AXI_inst/pdir_reg_reg[13] )
INFO: [Synth 8-3333] propagating constant 0 across sequential element (\U0/myGpio2_v1_0_S00_AXI_inst/pdir_reg_reg[12] )
---------------------------------------------------------------------------------
Finished Cross Boundary and Area Optimization : Time (s): cpu = 00:00:23 ; elapsed = 00:00:25 . Memory (MB): peak = 1088.812 ; gain = 396.266
---------------------------------------------------------------------------------

Report RTL Partitions: 
+-+--------------+------------+----------+
| |RTL Partition |Replication |Instances |
+-+--------------+------------+----------+
+-+--------------+------------+----------+
---------------------------------------------------------------------------------
Start Applying XDC Timing Constraints
---------------------------------------------------------------------------------
---------------------------------------------------------------------------------
Finished Applying XDC Timing Constraints : Time (s): cpu = 00:00:36 ; elapsed = 00:00:39 . Memory (MB): peak = 1088.812 ; gain = 396.266
---------------------------------------------------------------------------------
---------------------------------------------------------------------------------
Start Timing Optimization
---------------------------------------------------------------------------------
---------------------------------------------------------------------------------
Finished Timing Optimization : Time (s): cpu = 00:00:36 ; elapsed = 00:00:39 . Memory (MB): peak = 1088.812 ; gain = 396.266
---------------------------------------------------------------------------------

Report RTL Partitions: 
+-+--------------+------------+----------+
| |RTL Partition |Replication |Instances |
+-+--------------+------------+----------+
+-+--------------+------------+----------+
---------------------------------------------------------------------------------
Start Technology Mapping
---------------------------------------------------------------------------------
---------------------------------------------------------------------------------
Finished Technology Mapping : Time (s): cpu = 00:00:37 ; elapsed = 00:00:39 . Memory (MB): peak = 1101.613 ; gain = 409.066
---------------------------------------------------------------------------------

Report RTL Partitions: 
+-+--------------+------------+----------+
| |RTL Partition |Replication |Instances |
+-+--------------+------------+----------+
+-+--------------+------------+----------+
---------------------------------------------------------------------------------
Start IO Insertion
---------------------------------------------------------------------------------
---------------------------------------------------------------------------------
Start Flattening Before IO Insertion
---------------------------------------------------------------------------------
---------------------------------------------------------------------------------
Finished Flattening Before IO Insertion
---------------------------------------------------------------------------------
---------------------------------------------------------------------------------
Start Final Netlist Cleanup
---------------------------------------------------------------------------------
---------------------------------------------------------------------------------
Finished Final Netlist Cleanup
---------------------------------------------------------------------------------
---------------------------------------------------------------------------------
Finished IO Insertion : Time (s): cpu = 00:00:43 ; elapsed = 00:00:46 . Memory (MB): peak = 1107.281 ; gain = 414.734
---------------------------------------------------------------------------------
---------------------------------------------------------------------------------
Start Renaming Generated Instances
---------------------------------------------------------------------------------
---------------------------------------------------------------------------------
Finished Renaming Generated Instances : Time (s): cpu = 00:00:43 ; elapsed = 00:00:46 . Memory (MB): peak = 1107.281 ; gain = 414.734
---------------------------------------------------------------------------------

Report RTL Partitions: 
+-+--------------+------------+----------+
| |RTL Partition |Replication |Instances |
+-+--------------+------------+----------+
+-+--------------+------------+----------+

Report Check Netlist: 
+------+------------------+-------+---------+-------+------------------+
|      |Item              |Errors |Warnings |Status |Description       |
+------+------------------+-------+---------+-------+------------------+
|1     |multi_driven_nets |      0|        0|Passed |Multi driven nets |
+------+------------------+-------+---------+-------+------------------+
---------------------------------------------------------------------------------
Start Rebuilding User Hierarchy
---------------------------------------------------------------------------------
---------------------------------------------------------------------------------
Finished Rebuilding User Hierarchy : Time (s): cpu = 00:00:43 ; elapsed = 00:00:46 . Memory (MB): peak = 1107.281 ; gain = 414.734
---------------------------------------------------------------------------------
---------------------------------------------------------------------------------
Start Renaming Generated Ports
---------------------------------------------------------------------------------
---------------------------------------------------------------------------------
Finished Renaming Generated Ports : Time (s): cpu = 00:00:43 ; elapsed = 00:00:46 . Memory (MB): peak = 1107.281 ; gain = 414.734
---------------------------------------------------------------------------------
---------------------------------------------------------------------------------
Start Handling Custom Attributes
---------------------------------------------------------------------------------
---------------------------------------------------------------------------------
Finished Handling Custom Attributes : Time (s): cpu = 00:00:43 ; elapsed = 00:00:46 . Memory (MB): peak = 1107.281 ; gain = 414.734
---------------------------------------------------------------------------------
---------------------------------------------------------------------------------
Start Renaming Generated Nets
---------------------------------------------------------------------------------
---------------------------------------------------------------------------------
Finished Renaming Generated Nets : Time (s): cpu = 00:00:43 ; elapsed = 00:00:46 . Memory (MB): peak = 1107.281 ; gain = 414.734
---------------------------------------------------------------------------------
---------------------------------------------------------------------------------
Start Writing Synthesis Report
---------------------------------------------------------------------------------

Report BlackBoxes: 
+-+--------------+----------+
| |BlackBox name |Instances |
+-+--------------+----------+
+-+--------------+----------+

Report Cell Usage: 
+------+-----+------+
|      |Cell |Count |
+------+-----+------+
|1     |LUT1 |    13|
|2     |LUT2 |     1|
|3     |LUT3 |     1|
|4     |LUT4 |     8|
|5     |LUT5 |    62|
|6     |LUT6 |    64|
|7     |FDRE |   192|
|8     |FDSE |     4|
+------+-----+------+

Report Instance Areas: 
+------+------------------------------+---------------------+------+
|      |Instance                      |Module               |Cells |
+------+------------------------------+---------------------+------+
|1     |top                           |                     |   345|
|2     |  U0                          |myGpio2_v1_0         |   345|
|3     |    myGpio2_v1_0_S00_AXI_inst |myGpio2_v1_0_S00_AXI |   345|
+------+------------------------------+---------------------+------+
---------------------------------------------------------------------------------
Finished Writing Synthesis Report : Time (s): cpu = 00:00:43 ; elapsed = 00:00:46 . Memory (MB): peak = 1107.281 ; gain = 414.734
---------------------------------------------------------------------------------
Synthesis finished with 0 errors, 0 critical warnings and 6 warnings.
Synthesis Optimization Runtime : Time (s): cpu = 00:00:33 ; elapsed = 00:00:43 . Memory (MB): peak = 1107.281 ; gain = 328.539
Synthesis Optimization Complete : Time (s): cpu = 00:00:44 ; elapsed = 00:00:46 . Memory (MB): peak = 1107.281 ; gain = 414.734
INFO: [Project 1-571] Translating synthesized netlist
Netlist sorting complete. Time (s): cpu = 00:00:00 ; elapsed = 00:00:00.010 . Memory (MB): peak = 1107.281 ; gain = 0.000
INFO: [Project 1-570] Preparing netlist for logic optimization
INFO: [Opt 31-138] Pushed 0 inverter(s) to 0 load pin(s).
Netlist sorting complete. Time (s): cpu = 00:00:00 ; elapsed = 00:00:00 . Memory (MB): peak = 1120.262 ; gain = 0.000
INFO: [Project 1-111] Unisim Transformation Summary:
No Unisim elements were transformed.

INFO: [Common 17-83] Releasing license: Synthesis
45 Infos, 44 Warnings, 0 Critical Warnings and 0 Errors encountered.
synth_design completed successfully
synth_design: Time (s): cpu = 00:00:54 ; elapsed = 00:00:57 . Memory (MB): peak = 1120.262 ; gain = 701.859
Netlist sorting complete. Time (s): cpu = 00:00:00 ; elapsed = 00:00:00.001 . Memory (MB): peak = 1120.262 ; gain = 0.000
WARNING: [Constraints 18-5210] No constraints selected for write.
Resolution: This message can indicate that there are no constraints for the design, or it can indicate that the used_in flags are set such that the constraints are ignored. This later case is used when running synth_design to not write synthesis constraints to the resulting checkpoint. Instead, project constraints are read when the synthesized design is opened.
INFO: [Common 17-1381] The checkpoint 'D:/Y4/hardsoft/Lab/project_1_interrupt/project_1_interrupt.runs/ZyboIPCreation_myGpio2_0_1_synth_1/ZyboIPCreation_myGpio2_0_1.dcp' has been generated.
WARNING: [Common 17-576] 'use_project_ipc' is deprecated. This option is deprecated and no longer used.
INFO: [Coretcl 2-1648] Added synthesis output to IP cache for IP ZyboIPCreation_myGpio2_0_1, cache-ID = bd70966f35137766
INFO: [Coretcl 2-1174] Renamed 2 cell refs.
Netlist sorting complete. Time (s): cpu = 00:00:00 ; elapsed = 00:00:00 . Memory (MB): peak = 1120.262 ; gain = 0.000
WARNING: [Constraints 18-5210] No constraints selected for write.
Resolution: This message can indicate that there are no constraints for the design, or it can indicate that the used_in flags are set such that the constraints are ignored. This later case is used when running synth_design to not write synthesis constraints to the resulting checkpoint. Instead, project constraints are read when the synthesized design is opened.
INFO: [Common 17-1381] The checkpoint 'D:/Y4/hardsoft/Lab/project_1_interrupt/project_1_interrupt.runs/ZyboIPCreation_myGpio2_0_1_synth_1/ZyboIPCreation_myGpio2_0_1.dcp' has been generated.
INFO: [runtcl-4] Executing : report_utilization -file ZyboIPCreation_myGpio2_0_1_utilization_synth.rpt -pb ZyboIPCreation_myGpio2_0_1_utilization_synth.pb
INFO: [Common 17-206] Exiting Vivado at Tue Apr  6 03:07:09 2021...
