#-----------------------------------------------------------
# Webtalk v2019.2 (64-bit)
# SW Build 2708876 on Wed Nov  6 21:40:23 MST 2019
# 
# Start of session at: Sun Mar 14 13:55:54 2021
# Process ID: 19896
# Current directory: D:/Y4/hardsoft/Lab/create_project_2019/Workspace.vitas/webtalk
# Command line: wbtcv.exe -mode batch -source vitis_webtalk.tcl
# Log file: D:/Y4/hardsoft/Lab/create_project_2019/Workspace.vitas/webtalk/webtalk.log
# Journal file: D:/Y4/hardsoft/Lab/create_project_2019/Workspace.vitas/webtalk\webtalk.jou
#-----------------------------------------------------------
source vitis_webtalk.tcl
# webtalk_init -webtalk_dir D:\\Y4\\hardsoft\\Lab\\create_project_2019\\Workspace.vitas\\webtalk
# webtalk_register_client -client project
# webtalk_add_data -client project -key date_generated -value "2021-03-14 13:55:52" -context "software_version_and_target_device"
# webtalk_add_data -client project -key product_version -value "Vitis v2019.2" -context "software_version_and_target_device"
# webtalk_add_data -client project -key build_version -value "2019.2" -context "software_version_and_target_device"
# webtalk_add_data -client project -key os_platform -value "amd64" -context "software_version_and_target_device"
# webtalk_add_data -client project -key registration_id -value "NA" -context "software_version_and_target_device"
# webtalk_add_data -client project -key tool_flow -value "Vitis" -context "software_version_and_target_device"
# webtalk_add_data -client project -key beta -value "false" -context "software_version_and_target_device"
# webtalk_add_data -client project -key route_design -value "NA" -context "software_version_and_target_device"
# webtalk_add_data -client project -key target_family -value "NA" -context "software_version_and_target_device"
# webtalk_add_data -client project -key target_device -value "NA" -context "software_version_and_target_device"
# webtalk_add_data -client project -key target_package -value "NA" -context "software_version_and_target_device"
# webtalk_add_data -client project -key target_speed -value "NA" -context "software_version_and_target_device"
# webtalk_add_data -client project -key random_id -value "902jnpkc0dknv4p181hgg793ea" -context "software_version_and_target_device"
# webtalk_add_data -client project -key project_id -value "2019.2_1" -context "software_version_and_target_device"
# webtalk_add_data -client project -key project_iteration -value "1" -context "software_version_and_target_device"
# webtalk_add_data -client project -key os_name -value "Microsoft Windows 8 or later , 64-bit" -context "user_environment"
# webtalk_add_data -client project -key os_release -value "major release  (build 9200)" -context "user_environment"
# webtalk_add_data -client project -key cpu_name -value "Intel(R) Core(TM) i7-9750H CPU @ 2.60GHz" -context "user_environment"
# webtalk_add_data -client project -key cpu_speed -value "2592 MHz" -context "user_environment"
# webtalk_add_data -client project -key total_processors -value "1" -context "user_environment"
# webtalk_add_data -client project -key system_ram -value "16.950 GB" -context "user_environment"
# webtalk_register_client -client vitis
# webtalk_add_data -client vitis -key uid -value "1615687285975" -context "vitis\\\\application/1615687285975"
# webtalk_add_data -client vitis -key project_type -value "sdk" -context "vitis\\\\application/1615687285975"
# webtalk_add_data -client vitis -key os -value "standalone" -context "vitis\\\\application/1615687285975"
# webtalk_add_data -client vitis -key processor -value "ps7_cortexa9" -context "vitis\\\\application/1615687285975"
# webtalk_add_data -client vitis -key runtime -value "cpp" -context "vitis\\\\application/1615687285975"
# webtalk_add_data -client vitis -key template -value "sdk" -context "vitis\\\\application/1615687285975"
# webtalk_add_data -client vitis -key platform -value "NA" -context "vitis\\\\application/1615687285975"
# webtalk_add_data -client vitis -key platform_type -value "NA" -context "vitis\\\\application/1615687285975"
# webtalk_add_data -client vitis -key application_type -value "application" -context "vitis\\\\application/1615687285975"
# webtalk_add_data -client vitis -key platform_source -value "dsa" -context "vitis\\\\application/1615687285975"
# webtalk_add_data -client vitis -key device_family -value "NA" -context "vitis\\\\application/1615687285975"
# webtalk_add_data -client vitis -key fpga -value "7z010" -context "vitis\\\\application/1615687285975"
# webtalk_add_data -client vitis -key uid -value "1615689575405" -context "vitis\\\\application/1615689575405"
# webtalk_add_data -client vitis -key project_type -value "sdk" -context "vitis\\\\application/1615689575405"
# webtalk_add_data -client vitis -key os -value "standalone" -context "vitis\\\\application/1615689575405"
# webtalk_add_data -client vitis -key processor -value "cortex-a9" -context "vitis\\\\application/1615689575405"
# webtalk_add_data -client vitis -key runtime -value "C/C++" -context "vitis\\\\application/1615689575405"
# webtalk_add_data -client vitis -key template -value "empty" -context "vitis\\\\application/1615689575405"
# webtalk_add_data -client vitis -key platform -value "custom" -context "vitis\\\\application/1615689575405"
# webtalk_add_data -client vitis -key platform_type -value "fixed" -context "vitis\\\\application/1615689575405"
# webtalk_add_data -client vitis -key application_type -value "application" -context "vitis\\\\application/1615689575405"
# webtalk_add_data -client vitis -key platform_source -value "platform" -context "vitis\\\\application/1615689575405"
# webtalk_add_data -client vitis -key device_family -value "zynq" -context "vitis\\\\application/1615689575405"
# webtalk_add_data -client vitis -key fpga -value "xc7z010" -context "vitis\\\\application/1615689575405"
# webtalk_transmit -clientid 1064690140 -regid "" -xml D:\\Y4\\hardsoft\\Lab\\create_project_2019\\Workspace.vitas\\webtalk\\usage_statistics_ext_vitis.xml -html D:\\Y4\\hardsoft\\Lab\\create_project_2019\\Workspace.vitas\\webtalk\\usage_statistics_ext_vitis.html -wdm D:\\Y4\\hardsoft\\Lab\\create_project_2019\\Workspace.vitas\\webtalk\\vitis_webtalk.wdm -intro "<H3>Vitis Usage Report</H3><BR>"
# webtalk_terminate
INFO: [Common 17-206] Exiting Webtalk at Sun Mar 14 13:55:56 2021...
