Copyright 1986-2019 Xilinx, Inc. All Rights Reserved.
------------------------------------------------------------------------------------
| Tool Version : Vivado v.2019.2 (win64) Build 2708876 Wed Nov  6 21:40:23 MST 2019
| Date         : Tue Mar 30 15:38:11 2021
| Host         : DESKTOP-5DA4G9P running 64-bit major release  (build 9200)
| Command      : upgrade_ip
| Device       : xc7z010clg400-1
------------------------------------------------------------------------------------

Upgrade Log for IP 'ZyboIPCreation_myGpio2_0_0'

1. Summary
----------

SUCCESS in the upgrade of ZyboIPCreation_myGpio2_0_0 (xilinx.com:user:myGpio2:1.0) from (Rev. 16) to (Rev. 17)






Copyright 1986-2019 Xilinx, Inc. All Rights Reserved.
------------------------------------------------------------------------------------
| Tool Version : Vivado v.2019.2 (win64) Build 2708876 Wed Nov  6 21:40:23 MST 2019
| Date         : Tue Mar 30 15:19:30 2021
| Host         : DESKTOP-5DA4G9P running 64-bit major release  (build 9200)
| Command      : upgrade_ip
| Device       : xc7z010clg400-1
------------------------------------------------------------------------------------

Upgrade Log for IP 'ZyboIPCreation_myGpio2_0_0'

1. Summary
----------

SUCCESS in the upgrade of ZyboIPCreation_myGpio2_0_0 (xilinx.com:user:myGpio2:1.0) from (Rev. 14) to (Rev. 16)






Copyright 1986-2019 Xilinx, Inc. All Rights Reserved.
------------------------------------------------------------------------------------
| Tool Version : Vivado v.2019.2 (win64) Build 2708876 Wed Nov  6 21:40:23 MST 2019
| Date         : Tue Mar 30 15:12:25 2021
| Host         : DESKTOP-5DA4G9P running 64-bit major release  (build 9200)
| Command      : upgrade_ip
| Device       : xc7z010clg400-1
------------------------------------------------------------------------------------

Upgrade Log for IP 'ZyboIPCreation_myGpio2_0_0'

1. Summary
----------

CAUTION (success, with warnings) in the upgrade of ZyboIPCreation_myGpio2_0_0 (xilinx.com:user:myGpio2:1.0) from (Rev. 13) to (Rev. 14)

After upgrade, an IP may have parameter and port differences compared to the original customization. Please review the parameters within the IP customization GUI to ensure proper functionality. Also, please review the updated IP instantiation template to ensure proper connectivity, and update your design if required.

2. Interface Information
------------------------

Detected external interface differences while upgrading 'ZyboIPCreation_myGpio2_0_0'.


-Upgrade has added interface 'IRQ' (xilinx.com:signal:interrupt:1.0)


3. Connection Warnings
----------------------

Detected external port differences while upgrading 'ZyboIPCreation_myGpio2_0_0'. These changes may impact your design.


-Upgrade has added port 'IRQ'


